2016-4-15 20:04:28 org.apache.catalina.startup.HostConfig undeploy
信息: Undeploying context [/hello]
2016-4-15 20:04:28 org.apache.catalina.loader.WebappClassLoader clearReferencesJdbc
严重: The web application [/hello] registered the JDBC driver [com.alibaba.druid.proxy.DruidDriver] but failed to unregister it when the web application was stopped. To prevent a memory leak, the JDBC Driver has been forcibly unregistered.
2016-4-15 20:04:28 org.apache.catalina.loader.WebappClassLoader clearReferencesJdbc
严重: The web application [/hello] registered the JDBC driver [com.mysql.jdbc.Driver] but failed to unregister it when the web application was stopped. To prevent a memory leak, the JDBC Driver has been forcibly unregistered.
2016-4-15 20:04:28 org.apache.catalina.loader.WebappClassLoader clearReferencesThreads
严重: The web application [/hello] appears to have started a thread named [Thread-4] but has failed to stop it. This is very likely to create a memory leak.
2016-4-15 20:04:28 org.apache.catalina.loader.WebappClassLoader clearReferencesThreads
严重: The web application [/hello] appears to have started a thread named [Abandoned connection cleanup thread] but has failed to stop it. This is very likely to create a memory leak.
2016-4-15 20:04:58 org.apache.catalina.startup.HostConfig deployWAR
信息: Deploying web application archive /Users/xiaoqian/Documents/Tomcat/webapps/hello.war
2016-4-15 20:05:00 org.apache.catalina.startup.TaglibUriRule body
信息: TLD skipped. URI: http://java.sun.com/jstl/core_rt is already defined
2016-4-15 20:05:00 org.apache.catalina.startup.TaglibUriRule body
信息: TLD skipped. URI: http://java.sun.com/jstl/core is already defined
2016-4-15 20:05:00 org.apache.catalina.startup.TaglibUriRule body
信息: TLD skipped. URI: http://java.sun.com/jsp/jstl/core is already defined
2016-4-15 20:05:00 org.apache.catalina.startup.TaglibUriRule body
信息: TLD skipped. URI: http://java.sun.com/jstl/fmt_rt is already defined
2016-4-15 20:05:00 org.apache.catalina.startup.TaglibUriRule body
信息: TLD skipped. URI: http://java.sun.com/jstl/fmt is already defined
2016-4-15 20:05:00 org.apache.catalina.startup.TaglibUriRule body
信息: TLD skipped. URI: http://java.sun.com/jsp/jstl/fmt is already defined
2016-4-15 20:05:00 org.apache.catalina.startup.TaglibUriRule body
信息: TLD skipped. URI: http://java.sun.com/jsp/jstl/functions is already defined
2016-4-15 20:05:00 org.apache.catalina.startup.TaglibUriRule body
信息: TLD skipped. URI: http://jakarta.apache.org/taglibs/standard/permittedTaglibs is already defined
2016-4-15 20:05:00 org.apache.catalina.startup.TaglibUriRule body
信息: TLD skipped. URI: http://jakarta.apache.org/taglibs/standard/scriptfree is already defined
2016-4-15 20:05:00 org.apache.catalina.startup.TaglibUriRule body
信息: TLD skipped. URI: http://java.sun.com/jstl/sql_rt is already defined
2016-4-15 20:05:00 org.apache.catalina.startup.TaglibUriRule body
信息: TLD skipped. URI: http://java.sun.com/jstl/sql is already defined
2016-4-15 20:05:00 org.apache.catalina.startup.TaglibUriRule body
信息: TLD skipped. URI: http://java.sun.com/jsp/jstl/sql is already defined
2016-4-15 20:05:00 org.apache.catalina.startup.TaglibUriRule body
信息: TLD skipped. URI: http://java.sun.com/jstl/xml_rt is already defined
2016-4-15 20:05:00 org.apache.catalina.startup.TaglibUriRule body
信息: TLD skipped. URI: http://java.sun.com/jstl/xml is already defined
2016-4-15 20:05:00 org.apache.catalina.startup.TaglibUriRule body
信息: TLD skipped. URI: http://java.sun.com/jsp/jstl/xml is already defined
2016-4-15 20:05:00 org.apache.catalina.startup.TldConfig execute
信息: At least one JAR was scanned for TLDs yet contained no TLDs. Enable debug logging for this logger for a complete list of JARs that were scanned but no TLDs were found in them. Skipping unneeded JARs during scanning can improve startup time and JSP compilation time.
2016-4-15 20:05:02 org.apache.catalina.startup.HostConfig deployWAR
信息: Deployment of web application archive /Users/xiaoqian/Documents/Tomcat/webapps/hello.war has finished in 3,353 ms
2016-4-15 20:05:02 org.apache.coyote.AbstractProtocol pause
信息: Pausing ProtocolHandler ["http-bio-8080"]
2016-4-15 20:05:03 org.apache.coyote.AbstractProtocol pause
信息: Pausing ProtocolHandler ["ajp-bio-8009"]
2016-4-15 20:05:03 org.apache.catalina.core.StandardService stopInternal
信息: Stopping service Catalina
2016-4-15 20:05:03 org.apache.catalina.loader.WebappClassLoader clearReferencesJdbc
严重: The web application [/hello] registered the JDBC driver [com.alibaba.druid.proxy.DruidDriver] but failed to unregister it when the web application was stopped. To prevent a memory leak, the JDBC Driver has been forcibly unregistered.
2016-4-15 20:05:03 org.apache.catalina.loader.WebappClassLoader clearReferencesJdbc
严重: The web application [/hello] registered the JDBC driver [com.mysql.jdbc.Driver] but failed to unregister it when the web application was stopped. To prevent a memory leak, the JDBC Driver has been forcibly unregistered.
2016-4-15 20:05:03 org.apache.catalina.loader.WebappClassLoader clearReferencesThreads
严重: The web application [/hello] appears to have started a thread named [Thread-311] but has failed to stop it. This is very likely to create a memory leak.
2016-4-15 20:05:03 org.apache.catalina.loader.WebappClassLoader clearReferencesThreads
严重: The web application [/hello] appears to have started a thread named [Abandoned connection cleanup thread] but has failed to stop it. This is very likely to create a memory leak.
2016-4-15 20:05:03 org.apache.coyote.AbstractProtocol stop
信息: Stopping ProtocolHandler ["http-bio-8080"]
2016-4-15 20:05:03 org.apache.coyote.AbstractProtocol stop
信息: Stopping ProtocolHandler ["ajp-bio-8009"]
2016-4-15 20:05:03 org.apache.coyote.AbstractProtocol destroy
信息: Destroying ProtocolHandler ["http-bio-8080"]
2016-4-15 20:05:03 org.apache.coyote.AbstractProtocol destroy
信息: Destroying ProtocolHandler ["ajp-bio-8009"]
2016-4-15 20:05:15 org.apache.catalina.startup.VersionLoggerListener log
信息: Server version:        Apache Tomcat/7.0.62
2016-4-15 20:05:15 org.apache.catalina.startup.VersionLoggerListener log
信息: Server built:          May 7 2015 17:14:55 UTC
2016-4-15 20:05:15 org.apache.catalina.startup.VersionLoggerListener log
信息: Server number:         7.0.62.0
2016-4-15 20:05:15 org.apache.catalina.startup.VersionLoggerListener log
信息: OS Name:               Mac OS X
2016-4-15 20:05:15 org.apache.catalina.startup.VersionLoggerListener log
信息: OS Version:            10.11.2
2016-4-15 20:05:15 org.apache.catalina.startup.VersionLoggerListener log
信息: Architecture:          x86_64
2016-4-15 20:05:15 org.apache.catalina.startup.VersionLoggerListener log
信息: Java Home:             /Library/Java/JavaVirtualMachines/1.6.0.jdk/Contents/Home
2016-4-15 20:05:15 org.apache.catalina.startup.VersionLoggerListener log
信息: JVM Version:           1.6.0_65-b14-468-11M4833
2016-4-15 20:05:15 org.apache.catalina.startup.VersionLoggerListener log
信息: JVM Vendor:            Apple Inc.
2016-4-15 20:05:15 org.apache.catalina.startup.VersionLoggerListener log
信息: CATALINA_BASE:         /Users/xiaoqian/Documents/Tomcat
2016-4-15 20:05:15 org.apache.catalina.startup.VersionLoggerListener log
信息: CATALINA_HOME:         /Users/xiaoqian/Documents/Tomcat
2016-4-15 20:05:15 org.apache.catalina.startup.VersionLoggerListener log
信息: Command line argument: -Djava.util.logging.config.file=/Users/xiaoqian/Documents/Tomcat/conf/logging.properties
2016-4-15 20:05:15 org.apache.catalina.startup.VersionLoggerListener log
信息: Command line argument: -Djava.util.logging.manager=org.apache.juli.ClassLoaderLogManager
2016-4-15 20:05:15 org.apache.catalina.startup.VersionLoggerListener log
信息: Command line argument: -Djava.endorsed.dirs=/Users/xiaoqian/Documents/Tomcat/endorsed
2016-4-15 20:05:15 org.apache.catalina.startup.VersionLoggerListener log
信息: Command line argument: -Dcatalina.base=/Users/xiaoqian/Documents/Tomcat
2016-4-15 20:05:15 org.apache.catalina.startup.VersionLoggerListener log
信息: Command line argument: -Dcatalina.home=/Users/xiaoqian/Documents/Tomcat
2016-4-15 20:05:15 org.apache.catalina.startup.VersionLoggerListener log
信息: Command line argument: -Djava.io.tmpdir=/Users/xiaoqian/Documents/Tomcat/temp
2016-4-15 20:05:15 org.apache.catalina.core.AprLifecycleListener lifecycleEvent
信息: The APR based Apache Tomcat Native library which allows optimal performance in production environments was not found on the java.library.path: .:/Library/Java/Extensions:/System/Library/Java/Extensions:/usr/lib/java
2016-4-15 20:05:15 org.apache.coyote.AbstractProtocol init
信息: Initializing ProtocolHandler ["http-bio-8080"]
2016-4-15 20:05:15 org.apache.coyote.AbstractProtocol init
信息: Initializing ProtocolHandler ["ajp-bio-8009"]
2016-4-15 20:05:15 org.apache.catalina.startup.Catalina load
信息: Initialization processed in 845 ms
2016-4-15 20:05:15 org.apache.catalina.core.StandardService startInternal
信息: Starting service Catalina
2016-4-15 20:05:15 org.apache.catalina.core.StandardEngine startInternal
信息: Starting Servlet Engine: Apache Tomcat/7.0.62
2016-4-15 20:05:15 org.apache.catalina.startup.HostConfig deployWAR
信息: Deploying web application archive /Users/xiaoqian/Documents/Tomcat/webapps/hello.war
2016-4-15 20:05:17 org.apache.catalina.startup.TaglibUriRule body
信息: TLD skipped. URI: http://java.sun.com/jstl/core_rt is already defined
2016-4-15 20:05:17 org.apache.catalina.startup.TaglibUriRule body
信息: TLD skipped. URI: http://java.sun.com/jstl/core is already defined
2016-4-15 20:05:17 org.apache.catalina.startup.TaglibUriRule body
信息: TLD skipped. URI: http://java.sun.com/jsp/jstl/core is already defined
2016-4-15 20:05:17 org.apache.catalina.startup.TaglibUriRule body
信息: TLD skipped. URI: http://java.sun.com/jstl/fmt_rt is already defined
2016-4-15 20:05:17 org.apache.catalina.startup.TaglibUriRule body
信息: TLD skipped. URI: http://java.sun.com/jstl/fmt is already defined
2016-4-15 20:05:17 org.apache.catalina.startup.TaglibUriRule body
信息: TLD skipped. URI: http://java.sun.com/jsp/jstl/fmt is already defined
2016-4-15 20:05:17 org.apache.catalina.startup.TaglibUriRule body
信息: TLD skipped. URI: http://java.sun.com/jsp/jstl/functions is already defined
2016-4-15 20:05:17 org.apache.catalina.startup.TaglibUriRule body
信息: TLD skipped. URI: http://jakarta.apache.org/taglibs/standard/permittedTaglibs is already defined
2016-4-15 20:05:17 org.apache.catalina.startup.TaglibUriRule body
信息: TLD skipped. URI: http://jakarta.apache.org/taglibs/standard/scriptfree is already defined
2016-4-15 20:05:17 org.apache.catalina.startup.TaglibUriRule body
信息: TLD skipped. URI: http://java.sun.com/jstl/sql_rt is already defined
2016-4-15 20:05:17 org.apache.catalina.startup.TaglibUriRule body
信息: TLD skipped. URI: http://java.sun.com/jstl/sql is already defined
2016-4-15 20:05:17 org.apache.catalina.startup.TaglibUriRule body
信息: TLD skipped. URI: http://java.sun.com/jsp/jstl/sql is already defined
2016-4-15 20:05:17 org.apache.catalina.startup.TaglibUriRule body
信息: TLD skipped. URI: http://java.sun.com/jstl/xml_rt is already defined
2016-4-15 20:05:17 org.apache.catalina.startup.TaglibUriRule body
信息: TLD skipped. URI: http://java.sun.com/jstl/xml is already defined
2016-4-15 20:05:17 org.apache.catalina.startup.TaglibUriRule body
信息: TLD skipped. URI: http://java.sun.com/jsp/jstl/xml is already defined
2016-4-15 20:05:17 org.apache.catalina.startup.TldConfig execute
信息: At least one JAR was scanned for TLDs yet contained no TLDs. Enable debug logging for this logger for a complete list of JARs that were scanned but no TLDs were found in them. Skipping unneeded JARs during scanning can improve startup time and JSP compilation time.
2016-4-15 20:05:17 org.apache.tomcat.websocket.server.WsSci onStartup
信息: JSR 356 WebSocket (Java WebSocket 1.1) support is not available when running on Java 6. To suppress this message, run Tomcat on Java 7, remove the WebSocket JARs from $CATALINA_HOME/lib or add the WebSocket JARs to the tomcat.util.scan.DefaultJarScanner.jarsToSkip property in $CATALINA_BASE/conf/catalina.properties. Note that the deprecated Tomcat 7 WebSocket API will be available. 
2016-4-15 20:05:21 org.apache.catalina.startup.HostConfig deployWAR
信息: Deployment of web application archive /Users/xiaoqian/Documents/Tomcat/webapps/hello.war has finished in 6,496 ms
2016-4-15 20:05:21 org.apache.catalina.startup.HostConfig deployDirectory
信息: Deploying web application directory /Users/xiaoqian/Documents/Tomcat/webapps/docs
2016-4-15 20:05:21 org.apache.catalina.startup.HostConfig deployDirectory
信息: Deployment of web application directory /Users/xiaoqian/Documents/Tomcat/webapps/docs has finished in 29 ms
2016-4-15 20:05:21 org.apache.catalina.startup.HostConfig deployDirectory
信息: Deploying web application directory /Users/xiaoqian/Documents/Tomcat/webapps/examples
2016-4-15 20:05:22 org.apache.catalina.startup.HostConfig deployDirectory
信息: Deployment of web application directory /Users/xiaoqian/Documents/Tomcat/webapps/examples has finished in 219 ms
2016-4-15 20:05:22 org.apache.catalina.startup.HostConfig deployDirectory
信息: Deploying web application directory /Users/xiaoqian/Documents/Tomcat/webapps/host-manager
2016-4-15 20:05:22 org.apache.catalina.startup.HostConfig deployDirectory
信息: Deployment of web application directory /Users/xiaoqian/Documents/Tomcat/webapps/host-manager has finished in 45 ms
2016-4-15 20:05:22 org.apache.catalina.startup.HostConfig deployDirectory
信息: Deploying web application directory /Users/xiaoqian/Documents/Tomcat/webapps/manager
2016-4-15 20:05:22 org.apache.catalina.startup.HostConfig deployDirectory
信息: Deployment of web application directory /Users/xiaoqian/Documents/Tomcat/webapps/manager has finished in 37 ms
2016-4-15 20:05:22 org.apache.catalina.startup.HostConfig deployDirectory
信息: Deploying web application directory /Users/xiaoqian/Documents/Tomcat/webapps/project
2016-4-15 20:05:22 org.apache.catalina.startup.HostConfig deployDirectory
信息: Deployment of web application directory /Users/xiaoqian/Documents/Tomcat/webapps/project has finished in 42 ms
2016-4-15 20:05:22 org.apache.catalina.startup.HostConfig deployDirectory
信息: Deploying web application directory /Users/xiaoqian/Documents/Tomcat/webapps/ROOT
2016-4-15 20:05:22 org.apache.catalina.startup.HostConfig deployDirectory
信息: Deployment of web application directory /Users/xiaoqian/Documents/Tomcat/webapps/ROOT has finished in 32 ms
2016-4-15 20:05:22 org.apache.coyote.AbstractProtocol start
信息: Starting ProtocolHandler ["http-bio-8080"]
2016-4-15 20:05:22 org.apache.coyote.AbstractProtocol start
信息: Starting ProtocolHandler ["ajp-bio-8009"]
2016-4-15 20:05:22 org.apache.catalina.startup.Catalina start
信息: Server startup in 6966 ms
2016-4-15 20:21:49 org.apache.catalina.core.StandardServer await
信息: A valid shutdown command was received via the shutdown port. Stopping the Server instance.
2016-4-15 20:21:49 org.apache.coyote.AbstractProtocol pause
信息: Pausing ProtocolHandler ["http-bio-8080"]
2016-4-15 20:21:49 org.apache.coyote.AbstractProtocol pause
信息: Pausing ProtocolHandler ["ajp-bio-8009"]
2016-4-15 20:21:49 org.apache.catalina.core.StandardService stopInternal
信息: Stopping service Catalina
2016-4-15 20:21:49 org.apache.catalina.loader.WebappClassLoader clearReferencesJdbc
严重: The web application [/hello] registered the JDBC driver [com.alibaba.druid.proxy.DruidDriver] but failed to unregister it when the web application was stopped. To prevent a memory leak, the JDBC Driver has been forcibly unregistered.
2016-4-15 20:21:49 org.apache.catalina.loader.WebappClassLoader clearReferencesJdbc
严重: The web application [/hello] registered the JDBC driver [com.mysql.jdbc.Driver] but failed to unregister it when the web application was stopped. To prevent a memory leak, the JDBC Driver has been forcibly unregistered.
2016-4-15 20:21:49 org.apache.catalina.loader.WebappClassLoader clearReferencesThreads
严重: The web application [/hello] appears to have started a thread named [Thread-4] but has failed to stop it. This is very likely to create a memory leak.
2016-4-15 20:21:49 org.apache.catalina.loader.WebappClassLoader clearReferencesThreads
严重: The web application [/hello] appears to have started a thread named [Abandoned connection cleanup thread] but has failed to stop it. This is very likely to create a memory leak.
2016-4-15 20:21:50 org.apache.coyote.AbstractProtocol stop
信息: Stopping ProtocolHandler ["http-bio-8080"]
2016-4-15 20:21:50 org.apache.coyote.AbstractProtocol stop
信息: Stopping ProtocolHandler ["ajp-bio-8009"]
2016-4-15 20:21:50 org.apache.coyote.AbstractProtocol destroy
信息: Destroying ProtocolHandler ["http-bio-8080"]
2016-4-15 20:21:50 org.apache.coyote.AbstractProtocol destroy
信息: Destroying ProtocolHandler ["ajp-bio-8009"]
2016-4-15 20:23:16 org.apache.catalina.startup.VersionLoggerListener log
信息: Server version:        Apache Tomcat/7.0.62
2016-4-15 20:23:16 org.apache.catalina.startup.VersionLoggerListener log
信息: Server built:          May 7 2015 17:14:55 UTC
2016-4-15 20:23:16 org.apache.catalina.startup.VersionLoggerListener log
信息: Server number:         7.0.62.0
2016-4-15 20:23:16 org.apache.catalina.startup.VersionLoggerListener log
信息: OS Name:               Mac OS X
2016-4-15 20:23:16 org.apache.catalina.startup.VersionLoggerListener log
信息: OS Version:            10.11.2
2016-4-15 20:23:16 org.apache.catalina.startup.VersionLoggerListener log
信息: Architecture:          x86_64
2016-4-15 20:23:16 org.apache.catalina.startup.VersionLoggerListener log
信息: Java Home:             /Library/Java/JavaVirtualMachines/1.6.0.jdk/Contents/Home
2016-4-15 20:23:16 org.apache.catalina.startup.VersionLoggerListener log
信息: JVM Version:           1.6.0_65-b14-468-11M4833
2016-4-15 20:23:16 org.apache.catalina.startup.VersionLoggerListener log
信息: JVM Vendor:            Apple Inc.
2016-4-15 20:23:16 org.apache.catalina.startup.VersionLoggerListener log
信息: CATALINA_BASE:         /Users/xiaoqian/Documents/Tomcat
2016-4-15 20:23:16 org.apache.catalina.startup.VersionLoggerListener log
信息: CATALINA_HOME:         /Users/xiaoqian/Documents/Tomcat
2016-4-15 20:23:16 org.apache.catalina.startup.VersionLoggerListener log
信息: Command line argument: -Djava.util.logging.config.file=/Users/xiaoqian/Documents/Tomcat/conf/logging.properties
2016-4-15 20:23:16 org.apache.catalina.startup.VersionLoggerListener log
信息: Command line argument: -Djava.util.logging.manager=org.apache.juli.ClassLoaderLogManager
2016-4-15 20:23:16 org.apache.catalina.startup.VersionLoggerListener log
信息: Command line argument: -Djava.endorsed.dirs=/Users/xiaoqian/Documents/Tomcat/endorsed
2016-4-15 20:23:16 org.apache.catalina.startup.VersionLoggerListener log
信息: Command line argument: -Dcatalina.base=/Users/xiaoqian/Documents/Tomcat
2016-4-15 20:23:16 org.apache.catalina.startup.VersionLoggerListener log
信息: Command line argument: -Dcatalina.home=/Users/xiaoqian/Documents/Tomcat
2016-4-15 20:23:16 org.apache.catalina.startup.VersionLoggerListener log
信息: Command line argument: -Djava.io.tmpdir=/Users/xiaoqian/Documents/Tomcat/temp
2016-4-15 20:23:16 org.apache.catalina.core.AprLifecycleListener lifecycleEvent
信息: The APR based Apache Tomcat Native library which allows optimal performance in production environments was not found on the java.library.path: .:/Library/Java/Extensions:/System/Library/Java/Extensions:/usr/lib/java
2016-4-15 20:23:16 org.apache.coyote.AbstractProtocol init
信息: Initializing ProtocolHandler ["http-bio-8080"]
2016-4-15 20:23:16 org.apache.coyote.AbstractProtocol init
信息: Initializing ProtocolHandler ["ajp-bio-8009"]
2016-4-15 20:23:16 org.apache.catalina.startup.Catalina load
信息: Initialization processed in 731 ms
2016-4-15 20:23:16 org.apache.catalina.core.StandardService startInternal
信息: Starting service Catalina
2016-4-15 20:23:16 org.apache.catalina.core.StandardEngine startInternal
信息: Starting Servlet Engine: Apache Tomcat/7.0.62
2016-4-15 20:23:16 org.apache.catalina.startup.HostConfig deployWAR
信息: Deploying web application archive /Users/xiaoqian/Documents/Tomcat/webapps/hello.war
2016-4-15 20:23:18 org.apache.catalina.startup.TaglibUriRule body
信息: TLD skipped. URI: http://java.sun.com/jstl/core_rt is already defined
2016-4-15 20:23:18 org.apache.catalina.startup.TaglibUriRule body
信息: TLD skipped. URI: http://java.sun.com/jstl/core is already defined
2016-4-15 20:23:18 org.apache.catalina.startup.TaglibUriRule body
信息: TLD skipped. URI: http://java.sun.com/jsp/jstl/core is already defined
2016-4-15 20:23:18 org.apache.catalina.startup.TaglibUriRule body
信息: TLD skipped. URI: http://java.sun.com/jstl/fmt_rt is already defined
2016-4-15 20:23:18 org.apache.catalina.startup.TaglibUriRule body
信息: TLD skipped. URI: http://java.sun.com/jstl/fmt is already defined
2016-4-15 20:23:18 org.apache.catalina.startup.TaglibUriRule body
信息: TLD skipped. URI: http://java.sun.com/jsp/jstl/fmt is already defined
2016-4-15 20:23:18 org.apache.catalina.startup.TaglibUriRule body
信息: TLD skipped. URI: http://java.sun.com/jsp/jstl/functions is already defined
2016-4-15 20:23:18 org.apache.catalina.startup.TaglibUriRule body
信息: TLD skipped. URI: http://jakarta.apache.org/taglibs/standard/permittedTaglibs is already defined
2016-4-15 20:23:18 org.apache.catalina.startup.TaglibUriRule body
信息: TLD skipped. URI: http://jakarta.apache.org/taglibs/standard/scriptfree is already defined
2016-4-15 20:23:18 org.apache.catalina.startup.TaglibUriRule body
信息: TLD skipped. URI: http://java.sun.com/jstl/sql_rt is already defined
2016-4-15 20:23:18 org.apache.catalina.startup.TaglibUriRule body
信息: TLD skipped. URI: http://java.sun.com/jstl/sql is already defined
2016-4-15 20:23:18 org.apache.catalina.startup.TaglibUriRule body
信息: TLD skipped. URI: http://java.sun.com/jsp/jstl/sql is already defined
2016-4-15 20:23:18 org.apache.catalina.startup.TaglibUriRule body
信息: TLD skipped. URI: http://java.sun.com/jstl/xml_rt is already defined
2016-4-15 20:23:18 org.apache.catalina.startup.TaglibUriRule body
信息: TLD skipped. URI: http://java.sun.com/jstl/xml is already defined
2016-4-15 20:23:18 org.apache.catalina.startup.TaglibUriRule body
信息: TLD skipped. URI: http://java.sun.com/jsp/jstl/xml is already defined
2016-4-15 20:23:18 org.apache.catalina.startup.TldConfig execute
信息: At least one JAR was scanned for TLDs yet contained no TLDs. Enable debug logging for this logger for a complete list of JARs that were scanned but no TLDs were found in them. Skipping unneeded JARs during scanning can improve startup time and JSP compilation time.
2016-4-15 20:23:18 org.apache.tomcat.websocket.server.WsSci onStartup
信息: JSR 356 WebSocket (Java WebSocket 1.1) support is not available when running on Java 6. To suppress this message, run Tomcat on Java 7, remove the WebSocket JARs from $CATALINA_HOME/lib or add the WebSocket JARs to the tomcat.util.scan.DefaultJarScanner.jarsToSkip property in $CATALINA_BASE/conf/catalina.properties. Note that the deprecated Tomcat 7 WebSocket API will be available. 
2016-4-15 20:23:21 org.apache.catalina.startup.HostConfig deployWAR
信息: Deployment of web application archive /Users/xiaoqian/Documents/Tomcat/webapps/hello.war has finished in 5,293 ms
2016-4-15 20:23:21 org.apache.catalina.startup.HostConfig deployDirectory
信息: Deploying web application directory /Users/xiaoqian/Documents/Tomcat/webapps/docs
2016-4-15 20:23:21 org.apache.catalina.startup.HostConfig deployDirectory
信息: Deployment of web application directory /Users/xiaoqian/Documents/Tomcat/webapps/docs has finished in 29 ms
2016-4-15 20:23:21 org.apache.catalina.startup.HostConfig deployDirectory
信息: Deploying web application directory /Users/xiaoqian/Documents/Tomcat/webapps/examples
2016-4-15 20:23:22 org.apache.catalina.startup.HostConfig deployDirectory
信息: Deployment of web application directory /Users/xiaoqian/Documents/Tomcat/webapps/examples has finished in 169 ms
2016-4-15 20:23:22 org.apache.catalina.startup.HostConfig deployDirectory
信息: Deploying web application directory /Users/xiaoqian/Documents/Tomcat/webapps/host-manager
2016-4-15 20:23:22 org.apache.catalina.startup.HostConfig deployDirectory
信息: Deployment of web application directory /Users/xiaoqian/Documents/Tomcat/webapps/host-manager has finished in 33 ms
2016-4-15 20:23:22 org.apache.catalina.startup.HostConfig deployDirectory
信息: Deploying web application directory /Users/xiaoqian/Documents/Tomcat/webapps/manager
2016-4-15 20:23:22 org.apache.catalina.startup.HostConfig deployDirectory
信息: Deployment of web application directory /Users/xiaoqian/Documents/Tomcat/webapps/manager has finished in 32 ms
2016-4-15 20:23:22 org.apache.catalina.startup.HostConfig deployDirectory
信息: Deploying web application directory /Users/xiaoqian/Documents/Tomcat/webapps/project
2016-4-15 20:23:22 org.apache.catalina.startup.HostConfig deployDirectory
信息: Deployment of web application directory /Users/xiaoqian/Documents/Tomcat/webapps/project has finished in 39 ms
2016-4-15 20:23:22 org.apache.catalina.startup.HostConfig deployDirectory
信息: Deploying web application directory /Users/xiaoqian/Documents/Tomcat/webapps/ROOT
2016-4-15 20:23:22 org.apache.catalina.startup.HostConfig deployDirectory
信息: Deployment of web application directory /Users/xiaoqian/Documents/Tomcat/webapps/ROOT has finished in 39 ms
2016-4-15 20:23:22 org.apache.coyote.AbstractProtocol start
信息: Starting ProtocolHandler ["http-bio-8080"]
2016-4-15 20:23:22 org.apache.coyote.AbstractProtocol start
信息: Starting ProtocolHandler ["ajp-bio-8009"]
2016-4-15 20:23:22 org.apache.catalina.startup.Catalina start
信息: Server startup in 5680 ms
