2016-4-15 20:04:28 org.apache.catalina.core.ApplicationContext log
信息: Destroying Spring FrameworkServlet 'spring'
2016-4-15 20:04:28 org.apache.catalina.core.ApplicationContext log
信息: Closing Spring root WebApplicationContext
2016-4-15 20:04:28 org.apache.catalina.core.ApplicationContext log
信息: Shutting down log4j
2016-4-15 20:05:00 org.apache.catalina.core.ApplicationContext log
信息: No Spring WebApplicationInitializer types detected on classpath
2016-4-15 20:05:00 org.apache.catalina.core.ApplicationContext log
信息: Set web app root system property: 'springmvc.root' = [/Users/xiaoqian/Documents/Tomcat/webapps/hello/]
2016-4-15 20:05:00 org.apache.catalina.core.ApplicationContext log
信息: Initializing log4j from [classpath:conf/log4j.properties]
2016-4-15 20:05:00 org.apache.catalina.core.ApplicationContext log
信息: Initializing Spring root WebApplicationContext
2016-4-15 20:05:01 org.apache.catalina.core.ApplicationContext log
信息: Initializing Spring FrameworkServlet 'spring'
2016-4-15 20:05:03 org.apache.catalina.core.ApplicationContext log
信息: Destroying Spring FrameworkServlet 'spring'
2016-4-15 20:05:03 org.apache.catalina.core.ApplicationContext log
信息: Closing Spring root WebApplicationContext
2016-4-15 20:05:03 org.apache.catalina.core.ApplicationContext log
信息: Shutting down log4j
2016-4-15 20:05:03 org.apache.catalina.core.ApplicationContext log
信息: SessionListener: contextDestroyed()
2016-4-15 20:05:03 org.apache.catalina.core.ApplicationContext log
信息: ContextListener: contextDestroyed()
2016-4-15 20:05:17 org.apache.catalina.core.ApplicationContext log
信息: No Spring WebApplicationInitializer types detected on classpath
2016-4-15 20:05:17 org.apache.catalina.core.ApplicationContext log
信息: Set web app root system property: 'springmvc.root' = [/Users/xiaoqian/Documents/Tomcat/webapps/hello/]
2016-4-15 20:05:17 org.apache.catalina.core.ApplicationContext log
信息: Initializing log4j from [classpath:conf/log4j.properties]
2016-4-15 20:05:17 org.apache.catalina.core.ApplicationContext log
信息: Initializing Spring root WebApplicationContext
2016-4-15 20:05:19 org.apache.catalina.core.ApplicationContext log
信息: Initializing Spring FrameworkServlet 'spring'
2016-4-15 20:05:22 org.apache.catalina.core.ApplicationContext log
信息: ContextListener: contextInitialized()
2016-4-15 20:05:22 org.apache.catalina.core.ApplicationContext log
信息: SessionListener: contextInitialized()
2016-4-15 20:05:22 org.apache.catalina.core.ApplicationContext log
信息: ContextListener: attributeAdded('org.apache.jasper.compiler.TldLocationsCache', 'org.apache.jasper.compiler.TldLocationsCache@76d4d81')
2016-4-15 20:21:49 org.apache.catalina.core.ApplicationContext log
信息: Destroying Spring FrameworkServlet 'spring'
2016-4-15 20:21:49 org.apache.catalina.core.ApplicationContext log
信息: Closing Spring root WebApplicationContext
2016-4-15 20:21:49 org.apache.catalina.core.ApplicationContext log
信息: Shutting down log4j
2016-4-15 20:21:49 org.apache.catalina.core.ApplicationContext log
信息: SessionListener: contextDestroyed()
2016-4-15 20:21:50 org.apache.catalina.core.ApplicationContext log
信息: ContextListener: contextDestroyed()
2016-4-15 20:23:18 org.apache.catalina.core.ApplicationContext log
信息: No Spring WebApplicationInitializer types detected on classpath
2016-4-15 20:23:19 org.apache.catalina.core.ApplicationContext log
信息: Set web app root system property: 'springmvc.root' = [/Users/xiaoqian/Documents/Tomcat/webapps/hello/]
2016-4-15 20:23:19 org.apache.catalina.core.ApplicationContext log
信息: Initializing log4j from [classpath:conf/log4j.properties]
2016-4-15 20:23:19 org.apache.catalina.core.ApplicationContext log
信息: Initializing Spring root WebApplicationContext
2016-4-15 20:23:20 org.apache.catalina.core.ApplicationContext log
信息: Initializing Spring FrameworkServlet 'spring'
2016-4-15 20:23:21 org.apache.catalina.core.ApplicationContext log
信息: ContextListener: contextInitialized()
2016-4-15 20:23:21 org.apache.catalina.core.ApplicationContext log
信息: SessionListener: contextInitialized()
2016-4-15 20:23:22 org.apache.catalina.core.ApplicationContext log
信息: ContextListener: attributeAdded('org.apache.jasper.compiler.TldLocationsCache', 'org.apache.jasper.compiler.TldLocationsCache@129719f4')
