2016-4-16 10:03:43 org.apache.catalina.core.ApplicationContext log
信息: Destroying Spring FrameworkServlet 'spring'
2016-4-16 10:03:43 org.apache.catalina.core.ApplicationContext log
信息: Closing Spring root WebApplicationContext
2016-4-16 10:03:43 org.apache.catalina.core.ApplicationContext log
信息: Shutting down log4j
2016-4-16 10:03:43 org.apache.catalina.core.ApplicationContext log
信息: SessionListener: contextDestroyed()
2016-4-16 10:03:43 org.apache.catalina.core.ApplicationContext log
信息: ContextListener: contextDestroyed()
2016-4-16 10:04:28 org.apache.catalina.core.ApplicationContext log
信息: No Spring WebApplicationInitializer types detected on classpath
2016-4-16 10:04:28 org.apache.catalina.core.ApplicationContext log
信息: Set web app root system property: 'springmvc.root' = [/Users/xiaoqian/Documents/Tomcat/webapps/hello/]
2016-4-16 10:04:28 org.apache.catalina.core.ApplicationContext log
信息: Initializing log4j from [classpath:conf/log4j.properties]
2016-4-16 10:04:28 org.apache.catalina.core.ApplicationContext log
信息: Initializing Spring root WebApplicationContext
2016-4-16 10:04:29 org.apache.catalina.core.ApplicationContext log
信息: Initializing Spring FrameworkServlet 'spring'
2016-4-16 10:04:30 org.apache.catalina.core.ApplicationContext log
信息: ContextListener: contextInitialized()
2016-4-16 10:04:30 org.apache.catalina.core.ApplicationContext log
信息: SessionListener: contextInitialized()
2016-4-16 10:04:30 org.apache.catalina.core.ApplicationContext log
信息: ContextListener: attributeAdded('org.apache.jasper.compiler.TldLocationsCache', 'org.apache.jasper.compiler.TldLocationsCache@78456a0c')
2016-4-16 10:12:01 org.apache.catalina.core.ApplicationContext log
信息: Destroying Spring FrameworkServlet 'spring'
2016-4-16 10:12:01 org.apache.catalina.core.ApplicationContext log
信息: Closing Spring root WebApplicationContext
2016-4-16 10:12:01 org.apache.catalina.core.StandardContext listenerStop
严重: Exception sending context destroyed event to listener instance of class org.springframework.web.context.ContextLoaderListener
java.lang.NoClassDefFoundError: org/apache/log4j/spi/ThrowableInformation
	at org.apache.log4j.spi.LoggingEvent.<init>(LoggingEvent.java:145)
	at org.apache.log4j.Category.forcedLog(Category.java:379)
	at org.apache.log4j.Category.log(Category.java:844)
	at org.apache.commons.logging.impl.Log4JLogger.error(Log4JLogger.java:229)
	at org.springframework.beans.factory.support.DefaultSingletonBeanRegistry.destroyBean(DefaultSingletonBeanRegistry.java:581)
	at org.springframework.beans.factory.support.DefaultSingletonBeanRegistry.destroySingleton(DefaultSingletonBeanRegistry.java:554)
	at org.springframework.beans.factory.support.DefaultListableBeanFactory.destroySingleton(DefaultListableBeanFactory.java:900)
	at org.springframework.beans.factory.support.DefaultSingletonBeanRegistry.destroySingletons(DefaultSingletonBeanRegistry.java:523)
	at org.springframework.beans.factory.support.DefaultListableBeanFactory.destroySingletons(DefaultListableBeanFactory.java:907)
	at org.springframework.context.support.AbstractApplicationContext.destroyBeans(AbstractApplicationContext.java:908)
	at org.springframework.context.support.AbstractApplicationContext.doClose(AbstractApplicationContext.java:884)
	at org.springframework.context.support.AbstractApplicationContext.close(AbstractApplicationContext.java:836)
	at org.springframework.web.context.ContextLoader.closeWebApplicationContext(ContextLoader.java:579)
	at org.springframework.web.context.ContextLoaderListener.contextDestroyed(ContextLoaderListener.java:115)
	at org.apache.catalina.core.StandardContext.listenerStop(StandardContext.java:5063)
	at org.apache.catalina.core.StandardContext.stopInternal(StandardContext.java:5723)
	at org.apache.catalina.util.LifecycleBase.stop(LifecycleBase.java:232)
	at org.apache.catalina.core.ContainerBase.removeChild(ContainerBase.java:1028)
	at org.apache.catalina.startup.HostConfig.undeploy(HostConfig.java:1547)
	at org.apache.catalina.startup.HostConfig.checkResources(HostConfig.java:1474)
	at org.apache.catalina.startup.HostConfig.check(HostConfig.java:1695)
	at org.apache.catalina.startup.HostConfig.lifecycleEvent(HostConfig.java:333)
	at org.apache.catalina.util.LifecycleSupport.fireLifecycleEvent(LifecycleSupport.java:117)
	at org.apache.catalina.util.LifecycleBase.fireLifecycleEvent(LifecycleBase.java:90)
	at org.apache.catalina.core.ContainerBase.backgroundProcess(ContainerBase.java:1374)
	at org.apache.catalina.core.ContainerBase$ContainerBackgroundProcessor.processChildren(ContainerBase.java:1546)
	at org.apache.catalina.core.ContainerBase$ContainerBackgroundProcessor.processChildren(ContainerBase.java:1556)
	at org.apache.catalina.core.ContainerBase$ContainerBackgroundProcessor.run(ContainerBase.java:1524)
	at java.lang.Thread.run(Thread.java:695)
2016-4-16 10:12:01 org.apache.catalina.core.ApplicationContext log
信息: Shutting down log4j
2016-4-16 10:12:01 org.apache.catalina.core.StandardContext listenerStop
严重: Exception sending context destroyed event to listener instance of class org.springframework.web.util.Log4jConfigListener
java.lang.NoClassDefFoundError: org/apache/log4j/helpers/NullEnumeration
	at org.apache.log4j.Category.getAllAppenders(Category.java:401)
	at org.apache.log4j.Category.closeNestedAppenders(Category.java:214)
	at org.apache.log4j.Hierarchy.shutdown(Hierarchy.java:438)
	at org.apache.log4j.LogManager.shutdown(LogManager.java:218)
	at org.springframework.util.Log4jConfigurer.shutdownLogging(Log4jConfigurer.java:120)
	at org.springframework.web.util.Log4jWebConfigurer.shutdownLogging(Log4jWebConfigurer.java:170)
	at org.springframework.web.util.Log4jConfigListener.contextDestroyed(Log4jConfigListener.java:51)
	at org.apache.catalina.core.StandardContext.listenerStop(StandardContext.java:5063)
	at org.apache.catalina.core.StandardContext.stopInternal(StandardContext.java:5723)
	at org.apache.catalina.util.LifecycleBase.stop(LifecycleBase.java:232)
	at org.apache.catalina.core.ContainerBase.removeChild(ContainerBase.java:1028)
	at org.apache.catalina.startup.HostConfig.undeploy(HostConfig.java:1547)
	at org.apache.catalina.startup.HostConfig.checkResources(HostConfig.java:1474)
	at org.apache.catalina.startup.HostConfig.check(HostConfig.java:1695)
	at org.apache.catalina.startup.HostConfig.lifecycleEvent(HostConfig.java:333)
	at org.apache.catalina.util.LifecycleSupport.fireLifecycleEvent(LifecycleSupport.java:117)
	at org.apache.catalina.util.LifecycleBase.fireLifecycleEvent(LifecycleBase.java:90)
	at org.apache.catalina.core.ContainerBase.backgroundProcess(ContainerBase.java:1374)
	at org.apache.catalina.core.ContainerBase$ContainerBackgroundProcessor.processChildren(ContainerBase.java:1546)
	at org.apache.catalina.core.ContainerBase$ContainerBackgroundProcessor.processChildren(ContainerBase.java:1556)
	at org.apache.catalina.core.ContainerBase$ContainerBackgroundProcessor.run(ContainerBase.java:1524)
	at java.lang.Thread.run(Thread.java:695)
Caused by: java.lang.ClassNotFoundException: org.apache.log4j.helpers.NullEnumeration
	at org.apache.catalina.loader.WebappClassLoader.loadClass(WebappClassLoader.java:1720)
	at org.apache.catalina.loader.WebappClassLoader.loadClass(WebappClassLoader.java:1571)
	... 22 more
2016-4-16 10:12:12 org.apache.catalina.core.ApplicationContext log
信息: No Spring WebApplicationInitializer types detected on classpath
2016-4-16 10:12:12 org.apache.catalina.core.ApplicationContext log
信息: Set web app root system property: 'springmvc.root' = [/Users/xiaoqian/Documents/Tomcat/webapps/hello/]
2016-4-16 10:12:12 org.apache.catalina.core.ApplicationContext log
信息: Initializing log4j from [classpath:conf/log4j.properties]
2016-4-16 10:12:12 org.apache.catalina.core.ApplicationContext log
信息: Initializing Spring root WebApplicationContext
2016-4-16 10:12:13 org.apache.catalina.core.ApplicationContext log
信息: Initializing Spring FrameworkServlet 'spring'
2016-4-16 10:12:18 org.apache.catalina.core.ApplicationContext log
信息: Destroying Spring FrameworkServlet 'spring'
2016-4-16 10:12:18 org.apache.catalina.core.ApplicationContext log
信息: Closing Spring root WebApplicationContext
2016-4-16 10:12:18 org.apache.catalina.core.ApplicationContext log
信息: Shutting down log4j
2016-4-16 10:12:18 org.apache.catalina.core.ApplicationContext log
信息: SessionListener: contextDestroyed()
2016-4-16 10:12:18 org.apache.catalina.core.ApplicationContext log
信息: ContextListener: contextDestroyed()
2016-4-16 10:12:28 org.apache.catalina.core.ApplicationContext log
信息: No Spring WebApplicationInitializer types detected on classpath
2016-4-16 10:12:28 org.apache.catalina.core.ApplicationContext log
信息: Set web app root system property: 'springmvc.root' = [/Users/xiaoqian/Documents/Tomcat/webapps/hello/]
2016-4-16 10:12:28 org.apache.catalina.core.ApplicationContext log
信息: Initializing log4j from [classpath:conf/log4j.properties]
2016-4-16 10:12:28 org.apache.catalina.core.ApplicationContext log
信息: Initializing Spring root WebApplicationContext
2016-4-16 10:12:29 org.apache.catalina.core.ApplicationContext log
信息: Initializing Spring FrameworkServlet 'spring'
2016-4-16 10:12:30 org.apache.catalina.core.ApplicationContext log
信息: ContextListener: contextInitialized()
2016-4-16 10:12:30 org.apache.catalina.core.ApplicationContext log
信息: SessionListener: contextInitialized()
2016-4-16 10:12:30 org.apache.catalina.core.ApplicationContext log
信息: ContextListener: attributeAdded('org.apache.jasper.compiler.TldLocationsCache', 'org.apache.jasper.compiler.TldLocationsCache@75e4f66a')
2016-4-16 10:32:28 org.apache.catalina.core.ApplicationContext log
信息: Destroying Spring FrameworkServlet 'spring'
2016-4-16 10:32:28 org.apache.catalina.core.ApplicationContext log
信息: Closing Spring root WebApplicationContext
2016-4-16 10:32:28 org.apache.catalina.core.ApplicationContext log
信息: Shutting down log4j
2016-4-16 10:32:28 org.apache.catalina.core.ApplicationContext log
信息: SessionListener: contextDestroyed()
2016-4-16 10:32:28 org.apache.catalina.core.ApplicationContext log
信息: ContextListener: contextDestroyed()
2016-4-16 10:33:03 org.apache.catalina.core.ApplicationContext log
信息: No Spring WebApplicationInitializer types detected on classpath
2016-4-16 10:33:03 org.apache.catalina.core.ApplicationContext log
信息: Set web app root system property: 'springmvc.root' = [/Users/xiaoqian/Documents/Tomcat/webapps/hello/]
2016-4-16 10:33:03 org.apache.catalina.core.ApplicationContext log
信息: Initializing log4j from [classpath:conf/log4j.properties]
2016-4-16 10:33:03 org.apache.catalina.core.ApplicationContext log
信息: Initializing Spring root WebApplicationContext
2016-4-16 10:33:04 org.apache.catalina.core.ApplicationContext log
信息: Initializing Spring FrameworkServlet 'spring'
2016-4-16 10:33:06 org.apache.catalina.core.ApplicationContext log
信息: ContextListener: contextInitialized()
2016-4-16 10:33:06 org.apache.catalina.core.ApplicationContext log
信息: SessionListener: contextInitialized()
2016-4-16 10:33:06 org.apache.catalina.core.ApplicationContext log
信息: ContextListener: attributeAdded('org.apache.jasper.compiler.TldLocationsCache', 'org.apache.jasper.compiler.TldLocationsCache@3f2a09d5')
2016-4-16 10:36:51 org.apache.catalina.core.ApplicationContext log
信息: Destroying Spring FrameworkServlet 'spring'
2016-4-16 10:36:51 org.apache.catalina.core.ApplicationContext log
信息: Closing Spring root WebApplicationContext
2016-4-16 10:36:51 org.apache.catalina.core.ApplicationContext log
信息: Shutting down log4j
2016-4-16 10:36:51 org.apache.catalina.core.ApplicationContext log
信息: SessionListener: contextDestroyed()
2016-4-16 10:36:51 org.apache.catalina.core.ApplicationContext log
信息: ContextListener: contextDestroyed()
2016-4-16 10:37:33 org.apache.catalina.core.ApplicationContext log
信息: No Spring WebApplicationInitializer types detected on classpath
2016-4-16 10:37:33 org.apache.catalina.core.ApplicationContext log
信息: Set web app root system property: 'springmvc.root' = [/Users/xiaoqian/Documents/Tomcat/webapps/hello/]
2016-4-16 10:37:33 org.apache.catalina.core.ApplicationContext log
信息: Initializing log4j from [classpath:conf/log4j.properties]
2016-4-16 10:37:33 org.apache.catalina.core.ApplicationContext log
信息: Initializing Spring root WebApplicationContext
2016-4-16 10:37:34 org.apache.catalina.core.ApplicationContext log
信息: Initializing Spring FrameworkServlet 'spring'
2016-4-16 10:37:36 org.apache.catalina.core.ApplicationContext log
信息: ContextListener: contextInitialized()
2016-4-16 10:37:36 org.apache.catalina.core.ApplicationContext log
信息: SessionListener: contextInitialized()
2016-4-16 10:37:36 org.apache.catalina.core.ApplicationContext log
信息: ContextListener: attributeAdded('org.apache.jasper.compiler.TldLocationsCache', 'org.apache.jasper.compiler.TldLocationsCache@46fb3d6')
2016-4-16 10:40:10 org.apache.catalina.core.ApplicationContext log
信息: Destroying Spring FrameworkServlet 'spring'
2016-4-16 10:40:10 org.apache.catalina.core.ApplicationContext log
信息: Closing Spring root WebApplicationContext
2016-4-16 10:40:10 org.apache.catalina.core.ApplicationContext log
信息: Shutting down log4j
2016-4-16 10:40:10 org.apache.catalina.core.ApplicationContext log
信息: SessionListener: contextDestroyed()
2016-4-16 10:40:10 org.apache.catalina.core.ApplicationContext log
信息: ContextListener: contextDestroyed()
2016-4-16 10:41:09 org.apache.catalina.core.ApplicationContext log
信息: No Spring WebApplicationInitializer types detected on classpath
2016-4-16 10:41:09 org.apache.catalina.core.ApplicationContext log
信息: Set web app root system property: 'springmvc.root' = [/Users/xiaoqian/Documents/Tomcat/webapps/cloudprint/]
2016-4-16 10:41:09 org.apache.catalina.core.ApplicationContext log
信息: Initializing log4j from [classpath:conf/log4j.properties]
2016-4-16 10:41:09 org.apache.catalina.core.ApplicationContext log
信息: Initializing Spring root WebApplicationContext
2016-4-16 10:41:10 org.apache.catalina.core.ApplicationContext log
信息: Initializing Spring FrameworkServlet 'spring'
2016-4-16 10:41:11 org.apache.catalina.core.ApplicationContext log
信息: ContextListener: contextInitialized()
2016-4-16 10:41:11 org.apache.catalina.core.ApplicationContext log
信息: SessionListener: contextInitialized()
2016-4-16 10:41:11 org.apache.catalina.core.ApplicationContext log
信息: ContextListener: attributeAdded('org.apache.jasper.compiler.TldLocationsCache', 'org.apache.jasper.compiler.TldLocationsCache@54bec43f')
2016-4-16 11:38:22 org.apache.catalina.core.ApplicationContext log
信息: No Spring WebApplicationInitializer types detected on classpath
2016-4-16 11:38:22 org.apache.catalina.core.ApplicationContext log
信息: Set web app root system property: 'springmvc.root' = [/Users/xiaoqian/aliwork/git/cloudprinter/cloudprinter/Tomcat/webapps/cloudprint/]
2016-4-16 11:38:22 org.apache.catalina.core.ApplicationContext log
信息: Initializing log4j from [classpath:conf/log4j.properties]
2016-4-16 11:38:22 org.apache.catalina.core.ApplicationContext log
信息: Initializing Spring root WebApplicationContext
2016-4-16 11:38:26 org.apache.catalina.core.ApplicationContext log
信息: Initializing Spring FrameworkServlet 'spring'
2016-4-16 11:38:29 org.apache.catalina.core.ApplicationContext log
信息: ContextListener: contextInitialized()
2016-4-16 11:38:29 org.apache.catalina.core.ApplicationContext log
信息: SessionListener: contextInitialized()
2016-4-16 11:38:29 org.apache.catalina.core.ApplicationContext log
信息: ContextListener: attributeAdded('org.apache.jasper.compiler.TldLocationsCache', 'org.apache.jasper.compiler.TldLocationsCache@702d2da4')
