2016-4-12 21:19:43 org.apache.catalina.core.ApplicationContext log
信息: Destroying Spring FrameworkServlet 'spring'
2016-4-12 21:19:43 org.apache.catalina.core.ApplicationContext log
信息: Closing Spring root WebApplicationContext
2016-4-12 21:19:43 org.apache.catalina.core.StandardContext listenerStop
严重: Exception sending context destroyed event to listener instance of class org.springframework.web.context.ContextLoaderListener
java.lang.NoClassDefFoundError: org/apache/log4j/spi/ThrowableInformation
	at org.apache.log4j.spi.LoggingEvent.<init>(LoggingEvent.java:145)
	at org.apache.log4j.Category.forcedLog(Category.java:379)
	at org.apache.log4j.Category.log(Category.java:844)
	at org.apache.commons.logging.impl.Log4JLogger.error(Log4JLogger.java:229)
	at org.springframework.beans.factory.support.DefaultSingletonBeanRegistry.destroyBean(DefaultSingletonBeanRegistry.java:581)
	at org.springframework.beans.factory.support.DefaultSingletonBeanRegistry.destroySingleton(DefaultSingletonBeanRegistry.java:554)
	at org.springframework.beans.factory.support.DefaultListableBeanFactory.destroySingleton(DefaultListableBeanFactory.java:900)
	at org.springframework.beans.factory.support.DefaultSingletonBeanRegistry.destroySingletons(DefaultSingletonBeanRegistry.java:523)
	at org.springframework.beans.factory.support.DefaultListableBeanFactory.destroySingletons(DefaultListableBeanFactory.java:907)
	at org.springframework.context.support.AbstractApplicationContext.destroyBeans(AbstractApplicationContext.java:908)
	at org.springframework.context.support.AbstractApplicationContext.doClose(AbstractApplicationContext.java:884)
	at org.springframework.context.support.AbstractApplicationContext.close(AbstractApplicationContext.java:836)
	at org.springframework.web.context.ContextLoader.closeWebApplicationContext(ContextLoader.java:579)
	at org.springframework.web.context.ContextLoaderListener.contextDestroyed(ContextLoaderListener.java:115)
	at org.apache.catalina.core.StandardContext.listenerStop(StandardContext.java:5063)
	at org.apache.catalina.core.StandardContext.stopInternal(StandardContext.java:5723)
	at org.apache.catalina.util.LifecycleBase.stop(LifecycleBase.java:232)
	at org.apache.catalina.core.ContainerBase$StopChild.call(ContainerBase.java:1591)
	at org.apache.catalina.core.ContainerBase$StopChild.call(ContainerBase.java:1580)
	at java.util.concurrent.FutureTask$Sync.innerRun(FutureTask.java:303)
	at java.util.concurrent.FutureTask.run(FutureTask.java:138)
	at java.util.concurrent.ThreadPoolExecutor$Worker.runTask(ThreadPoolExecutor.java:895)
	at java.util.concurrent.ThreadPoolExecutor$Worker.run(ThreadPoolExecutor.java:918)
	at java.lang.Thread.run(Thread.java:695)
2016-4-12 21:19:43 org.apache.catalina.core.ApplicationContext log
信息: Shutting down log4j
2016-4-12 21:19:43 org.apache.catalina.core.StandardContext listenerStop
严重: Exception sending context destroyed event to listener instance of class org.springframework.web.util.Log4jConfigListener
java.lang.NoClassDefFoundError: org/apache/log4j/helpers/NullEnumeration
	at org.apache.log4j.Category.getAllAppenders(Category.java:401)
	at org.apache.log4j.Category.closeNestedAppenders(Category.java:214)
	at org.apache.log4j.Hierarchy.shutdown(Hierarchy.java:438)
	at org.apache.log4j.LogManager.shutdown(LogManager.java:218)
	at org.springframework.util.Log4jConfigurer.shutdownLogging(Log4jConfigurer.java:120)
	at org.springframework.web.util.Log4jWebConfigurer.shutdownLogging(Log4jWebConfigurer.java:170)
	at org.springframework.web.util.Log4jConfigListener.contextDestroyed(Log4jConfigListener.java:51)
	at org.apache.catalina.core.StandardContext.listenerStop(StandardContext.java:5063)
	at org.apache.catalina.core.StandardContext.stopInternal(StandardContext.java:5723)
	at org.apache.catalina.util.LifecycleBase.stop(LifecycleBase.java:232)
	at org.apache.catalina.core.ContainerBase$StopChild.call(ContainerBase.java:1591)
	at org.apache.catalina.core.ContainerBase$StopChild.call(ContainerBase.java:1580)
	at java.util.concurrent.FutureTask$Sync.innerRun(FutureTask.java:303)
	at java.util.concurrent.FutureTask.run(FutureTask.java:138)
	at java.util.concurrent.ThreadPoolExecutor$Worker.runTask(ThreadPoolExecutor.java:895)
	at java.util.concurrent.ThreadPoolExecutor$Worker.run(ThreadPoolExecutor.java:918)
	at java.lang.Thread.run(Thread.java:695)
Caused by: java.lang.ClassNotFoundException: org.apache.log4j.helpers.NullEnumeration
	at org.apache.catalina.loader.WebappClassLoader.loadClass(WebappClassLoader.java:1720)
	at org.apache.catalina.loader.WebappClassLoader.loadClass(WebappClassLoader.java:1571)
	... 17 more
2016-4-12 21:19:43 org.apache.catalina.core.ApplicationContext log
信息: SessionListener: contextDestroyed()
2016-4-12 21:19:43 org.apache.catalina.core.ApplicationContext log
信息: ContextListener: contextDestroyed()
2016-4-12 21:20:02 org.apache.catalina.core.ApplicationContext log
信息: No Spring WebApplicationInitializer types detected on classpath
2016-4-12 21:20:02 org.apache.catalina.core.ApplicationContext log
信息: Set web app root system property: 'springmvc.root' = [/Users/xiaoqian/Documents/Tomcat/webapps/hello/]
2016-4-12 21:20:02 org.apache.catalina.core.ApplicationContext log
信息: Initializing log4j from [classpath:conf/log4j.properties]
2016-4-12 21:20:02 org.apache.catalina.core.ApplicationContext log
信息: Initializing Spring root WebApplicationContext
2016-4-12 21:20:03 org.apache.catalina.core.ApplicationContext log
信息: Initializing Spring FrameworkServlet 'spring'
2016-4-12 21:20:04 org.apache.catalina.core.ApplicationContext log
信息: ContextListener: contextInitialized()
2016-4-12 21:20:04 org.apache.catalina.core.ApplicationContext log
信息: SessionListener: contextInitialized()
2016-4-12 21:20:04 org.apache.catalina.core.ApplicationContext log
信息: ContextListener: attributeAdded('org.apache.jasper.compiler.TldLocationsCache', 'org.apache.jasper.compiler.TldLocationsCache@e9bfee2')
2016-4-12 21:20:37 org.apache.catalina.core.StandardWrapperValve invoke
严重: Servlet.service() for servlet [spring] in context with path [/hello] threw exception [Handler processing failed; nested exception is java.lang.NoClassDefFoundError: org/apache/velocity/exception/ResourceNotFoundException] with root cause
java.lang.ClassNotFoundException: org.apache.velocity.exception.ResourceNotFoundException
	at org.apache.catalina.loader.WebappClassLoader.loadClass(WebappClassLoader.java:1720)
	at org.apache.catalina.loader.WebappClassLoader.loadClass(WebappClassLoader.java:1571)
	at java.lang.Class.getDeclaredConstructors0(Native Method)
	at java.lang.Class.privateGetDeclaredConstructors(Class.java:2446)
	at java.lang.Class.getConstructor0(Class.java:2756)
	at java.lang.Class.getDeclaredConstructor(Class.java:2021)
	at org.springframework.beans.BeanUtils.instantiateClass(BeanUtils.java:104)
	at org.springframework.web.servlet.view.UrlBasedViewResolver.buildView(UrlBasedViewResolver.java:505)
	at org.springframework.web.servlet.view.AbstractTemplateViewResolver.buildView(AbstractTemplateViewResolver.java:103)
	at org.springframework.web.servlet.view.velocity.VelocityViewResolver.buildView(VelocityViewResolver.java:126)
	at org.springframework.web.servlet.view.UrlBasedViewResolver.loadView(UrlBasedViewResolver.java:481)
	at org.springframework.web.servlet.view.AbstractCachingViewResolver.createView(AbstractCachingViewResolver.java:244)
	at org.springframework.web.servlet.view.UrlBasedViewResolver.createView(UrlBasedViewResolver.java:446)
	at org.springframework.web.servlet.view.AbstractCachingViewResolver.resolveViewName(AbstractCachingViewResolver.java:156)
	at org.springframework.web.servlet.DispatcherServlet.resolveViewName(DispatcherServlet.java:1283)
	at org.springframework.web.servlet.DispatcherServlet.render(DispatcherServlet.java:1224)
	at org.springframework.web.servlet.DispatcherServlet.processDispatchResult(DispatcherServlet.java:1027)
	at org.springframework.web.servlet.DispatcherServlet.doDispatch(DispatcherServlet.java:971)
	at org.springframework.web.servlet.DispatcherServlet.doService(DispatcherServlet.java:893)
	at org.springframework.web.servlet.FrameworkServlet.processRequest(FrameworkServlet.java:966)
	at org.springframework.web.servlet.FrameworkServlet.doGet(FrameworkServlet.java:857)
	at javax.servlet.http.HttpServlet.service(HttpServlet.java:624)
	at org.springframework.web.servlet.FrameworkServlet.service(FrameworkServlet.java:842)
	at javax.servlet.http.HttpServlet.service(HttpServlet.java:731)
	at org.apache.catalina.core.ApplicationFilterChain.internalDoFilter(ApplicationFilterChain.java:303)
	at org.apache.catalina.core.ApplicationFilterChain.doFilter(ApplicationFilterChain.java:208)
	at org.springframework.web.filter.CharacterEncodingFilter.doFilterInternal(CharacterEncodingFilter.java:85)
	at org.springframework.web.filter.OncePerRequestFilter.doFilter(OncePerRequestFilter.java:107)
	at org.apache.catalina.core.ApplicationFilterChain.internalDoFilter(ApplicationFilterChain.java:241)
	at org.apache.catalina.core.ApplicationFilterChain.doFilter(ApplicationFilterChain.java:208)
	at org.apache.catalina.core.StandardWrapperValve.invoke(StandardWrapperValve.java:220)
	at org.apache.catalina.core.StandardContextValve.invoke(StandardContextValve.java:122)
	at org.apache.catalina.authenticator.AuthenticatorBase.invoke(AuthenticatorBase.java:505)
	at org.apache.catalina.core.StandardHostValve.invoke(StandardHostValve.java:170)
	at org.apache.catalina.valves.ErrorReportValve.invoke(ErrorReportValve.java:103)
	at org.apache.catalina.valves.AccessLogValve.invoke(AccessLogValve.java:957)
	at org.apache.catalina.core.StandardEngineValve.invoke(StandardEngineValve.java:116)
	at org.apache.catalina.connector.CoyoteAdapter.service(CoyoteAdapter.java:423)
	at org.apache.coyote.http11.AbstractHttp11Processor.process(AbstractHttp11Processor.java:1079)
	at org.apache.coyote.AbstractProtocol$AbstractConnectionHandler.process(AbstractProtocol.java:620)
	at org.apache.tomcat.util.net.JIoEndpoint$SocketProcessor.run(JIoEndpoint.java:318)
	at java.util.concurrent.ThreadPoolExecutor$Worker.runTask(ThreadPoolExecutor.java:895)
	at java.util.concurrent.ThreadPoolExecutor$Worker.run(ThreadPoolExecutor.java:918)
	at org.apache.tomcat.util.threads.TaskThread$WrappingRunnable.run(TaskThread.java:61)
	at java.lang.Thread.run(Thread.java:695)
2016-4-12 21:28:35 org.apache.catalina.core.ApplicationContext log
信息: Destroying Spring FrameworkServlet 'spring'
2016-4-12 21:28:35 org.apache.catalina.core.ApplicationContext log
信息: Closing Spring root WebApplicationContext
2016-4-12 21:28:35 org.apache.catalina.core.StandardContext listenerStop
严重: Exception sending context destroyed event to listener instance of class org.springframework.web.context.ContextLoaderListener
java.lang.NoClassDefFoundError: org/springframework/web/context/ContextCleanupListener
	at org.springframework.web.context.ContextLoaderListener.contextDestroyed(ContextLoaderListener.java:116)
	at org.apache.catalina.core.StandardContext.listenerStop(StandardContext.java:5063)
	at org.apache.catalina.core.StandardContext.stopInternal(StandardContext.java:5723)
	at org.apache.catalina.util.LifecycleBase.stop(LifecycleBase.java:232)
	at org.apache.catalina.core.ContainerBase.removeChild(ContainerBase.java:1028)
	at org.apache.catalina.startup.HostConfig.undeploy(HostConfig.java:1547)
	at org.apache.catalina.startup.HostConfig.checkResources(HostConfig.java:1474)
	at org.apache.catalina.startup.HostConfig.check(HostConfig.java:1695)
	at org.apache.catalina.startup.HostConfig.lifecycleEvent(HostConfig.java:333)
	at org.apache.catalina.util.LifecycleSupport.fireLifecycleEvent(LifecycleSupport.java:117)
	at org.apache.catalina.util.LifecycleBase.fireLifecycleEvent(LifecycleBase.java:90)
	at org.apache.catalina.core.ContainerBase.backgroundProcess(ContainerBase.java:1374)
	at org.apache.catalina.core.ContainerBase$ContainerBackgroundProcessor.processChildren(ContainerBase.java:1546)
	at org.apache.catalina.core.ContainerBase$ContainerBackgroundProcessor.processChildren(ContainerBase.java:1556)
	at org.apache.catalina.core.ContainerBase$ContainerBackgroundProcessor.run(ContainerBase.java:1524)
	at java.lang.Thread.run(Thread.java:695)
Caused by: java.lang.ClassNotFoundException: org.springframework.web.context.ContextCleanupListener
	at org.apache.catalina.loader.WebappClassLoader.loadClass(WebappClassLoader.java:1720)
	at org.apache.catalina.loader.WebappClassLoader.loadClass(WebappClassLoader.java:1571)
	... 16 more
2016-4-12 21:28:35 org.apache.catalina.core.ApplicationContext log
信息: Shutting down log4j
2016-4-12 21:28:35 org.apache.catalina.core.StandardContext listenerStop
严重: Exception sending context destroyed event to listener instance of class org.springframework.web.util.Log4jConfigListener
java.lang.NoClassDefFoundError: org/apache/log4j/helpers/NullEnumeration
	at org.apache.log4j.Category.getAllAppenders(Category.java:401)
	at org.apache.log4j.Category.closeNestedAppenders(Category.java:214)
	at org.apache.log4j.Hierarchy.shutdown(Hierarchy.java:438)
	at org.apache.log4j.LogManager.shutdown(LogManager.java:218)
	at org.springframework.util.Log4jConfigurer.shutdownLogging(Log4jConfigurer.java:120)
	at org.springframework.web.util.Log4jWebConfigurer.shutdownLogging(Log4jWebConfigurer.java:170)
	at org.springframework.web.util.Log4jConfigListener.contextDestroyed(Log4jConfigListener.java:51)
	at org.apache.catalina.core.StandardContext.listenerStop(StandardContext.java:5063)
	at org.apache.catalina.core.StandardContext.stopInternal(StandardContext.java:5723)
	at org.apache.catalina.util.LifecycleBase.stop(LifecycleBase.java:232)
	at org.apache.catalina.core.ContainerBase.removeChild(ContainerBase.java:1028)
	at org.apache.catalina.startup.HostConfig.undeploy(HostConfig.java:1547)
	at org.apache.catalina.startup.HostConfig.checkResources(HostConfig.java:1474)
	at org.apache.catalina.startup.HostConfig.check(HostConfig.java:1695)
	at org.apache.catalina.startup.HostConfig.lifecycleEvent(HostConfig.java:333)
	at org.apache.catalina.util.LifecycleSupport.fireLifecycleEvent(LifecycleSupport.java:117)
	at org.apache.catalina.util.LifecycleBase.fireLifecycleEvent(LifecycleBase.java:90)
	at org.apache.catalina.core.ContainerBase.backgroundProcess(ContainerBase.java:1374)
	at org.apache.catalina.core.ContainerBase$ContainerBackgroundProcessor.processChildren(ContainerBase.java:1546)
	at org.apache.catalina.core.ContainerBase$ContainerBackgroundProcessor.processChildren(ContainerBase.java:1556)
	at org.apache.catalina.core.ContainerBase$ContainerBackgroundProcessor.run(ContainerBase.java:1524)
	at java.lang.Thread.run(Thread.java:695)
Caused by: java.lang.ClassNotFoundException: org.apache.log4j.helpers.NullEnumeration
	at org.apache.catalina.loader.WebappClassLoader.loadClass(WebappClassLoader.java:1720)
	at org.apache.catalina.loader.WebappClassLoader.loadClass(WebappClassLoader.java:1571)
	... 22 more
2016-4-12 21:28:37 org.apache.catalina.core.ApplicationContext log
信息: SessionListener: contextDestroyed()
2016-4-12 21:28:37 org.apache.catalina.core.ApplicationContext log
信息: ContextListener: contextDestroyed()
2016-4-12 21:28:47 org.apache.catalina.core.ApplicationContext log
信息: No Spring WebApplicationInitializer types detected on classpath
2016-4-12 21:28:47 org.apache.catalina.core.ApplicationContext log
信息: Set web app root system property: 'springmvc.root' = [/Users/xiaoqian/Documents/Tomcat/webapps/hello/]
2016-4-12 21:28:47 org.apache.catalina.core.ApplicationContext log
信息: Initializing log4j from [classpath:conf/log4j.properties]
2016-4-12 21:28:47 org.apache.catalina.core.ApplicationContext log
信息: Initializing Spring root WebApplicationContext
2016-4-12 21:28:49 org.apache.catalina.core.ApplicationContext log
信息: Initializing Spring FrameworkServlet 'spring'
2016-4-12 21:28:50 org.apache.catalina.core.ApplicationContext log
信息: ContextListener: contextInitialized()
2016-4-12 21:28:50 org.apache.catalina.core.ApplicationContext log
信息: SessionListener: contextInitialized()
2016-4-12 21:28:50 org.apache.catalina.core.ApplicationContext log
信息: ContextListener: attributeAdded('org.apache.jasper.compiler.TldLocationsCache', 'org.apache.jasper.compiler.TldLocationsCache@6d6de4e1')
2016-4-12 21:28:50 org.apache.catalina.core.StandardWrapperValve invoke
严重: Servlet.service() for servlet [spring] in context with path [/hello] threw exception [Request processing failed; nested exception is org.springframework.context.ApplicationContextException: Must define a single VelocityConfig bean in this web application context (may be inherited): VelocityConfigurer is the usual implementation. This bean may be given any name.; nested exception is org.springframework.beans.factory.NoSuchBeanDefinitionException: No qualifying bean of type [org.springframework.web.servlet.view.velocity.VelocityConfig] is defined] with root cause
org.springframework.beans.factory.NoSuchBeanDefinitionException: No qualifying bean of type [org.springframework.web.servlet.view.velocity.VelocityConfig] is defined
	at org.springframework.beans.factory.BeanFactoryUtils.uniqueBean(BeanFactoryUtils.java:432)
	at org.springframework.beans.factory.BeanFactoryUtils.beanOfTypeIncludingAncestors(BeanFactoryUtils.java:357)
	at org.springframework.web.servlet.view.velocity.VelocityView.autodetectVelocityEngine(VelocityView.java:240)
	at org.springframework.web.servlet.view.velocity.VelocityView.initApplicationContext(VelocityView.java:226)
	at org.springframework.context.support.ApplicationObjectSupport.initApplicationContext(ApplicationObjectSupport.java:120)
	at org.springframework.web.context.support.WebApplicationObjectSupport.initApplicationContext(WebApplicationObjectSupport.java:76)
	at org.springframework.context.support.ApplicationObjectSupport.setApplicationContext(ApplicationObjectSupport.java:74)
	at org.springframework.context.support.ApplicationContextAwareProcessor.invokeAwareInterfaces(ApplicationContextAwareProcessor.java:119)
	at org.springframework.context.support.ApplicationContextAwareProcessor.postProcessBeforeInitialization(ApplicationContextAwareProcessor.java:94)
	at org.springframework.beans.factory.support.AbstractAutowireCapableBeanFactory.applyBeanPostProcessorsBeforeInitialization(AbstractAutowireCapableBeanFactory.java:408)
	at org.springframework.beans.factory.support.AbstractAutowireCapableBeanFactory.initializeBean(AbstractAutowireCapableBeanFactory.java:1566)
	at org.springframework.beans.factory.support.AbstractAutowireCapableBeanFactory.initializeBean(AbstractAutowireCapableBeanFactory.java:399)
	at org.springframework.web.servlet.view.UrlBasedViewResolver.applyLifecycleMethods(UrlBasedViewResolver.java:487)
	at org.springframework.web.servlet.view.UrlBasedViewResolver.loadView(UrlBasedViewResolver.java:482)
	at org.springframework.web.servlet.view.AbstractCachingViewResolver.createView(AbstractCachingViewResolver.java:244)
	at org.springframework.web.servlet.view.UrlBasedViewResolver.createView(UrlBasedViewResolver.java:446)
	at org.springframework.web.servlet.view.AbstractCachingViewResolver.resolveViewName(AbstractCachingViewResolver.java:156)
	at org.springframework.web.servlet.DispatcherServlet.resolveViewName(DispatcherServlet.java:1283)
	at org.springframework.web.servlet.DispatcherServlet.render(DispatcherServlet.java:1224)
	at org.springframework.web.servlet.DispatcherServlet.processDispatchResult(DispatcherServlet.java:1027)
	at org.springframework.web.servlet.DispatcherServlet.doDispatch(DispatcherServlet.java:971)
	at org.springframework.web.servlet.DispatcherServlet.doService(DispatcherServlet.java:893)
	at org.springframework.web.servlet.FrameworkServlet.processRequest(FrameworkServlet.java:966)
	at org.springframework.web.servlet.FrameworkServlet.doGet(FrameworkServlet.java:857)
	at javax.servlet.http.HttpServlet.service(HttpServlet.java:624)
	at org.springframework.web.servlet.FrameworkServlet.service(FrameworkServlet.java:842)
	at javax.servlet.http.HttpServlet.service(HttpServlet.java:731)
	at org.apache.catalina.core.ApplicationFilterChain.internalDoFilter(ApplicationFilterChain.java:303)
	at org.apache.catalina.core.ApplicationFilterChain.doFilter(ApplicationFilterChain.java:208)
	at org.springframework.web.filter.CharacterEncodingFilter.doFilterInternal(CharacterEncodingFilter.java:85)
	at org.springframework.web.filter.OncePerRequestFilter.doFilter(OncePerRequestFilter.java:107)
	at org.apache.catalina.core.ApplicationFilterChain.internalDoFilter(ApplicationFilterChain.java:241)
	at org.apache.catalina.core.ApplicationFilterChain.doFilter(ApplicationFilterChain.java:208)
	at org.apache.catalina.core.StandardWrapperValve.invoke(StandardWrapperValve.java:220)
	at org.apache.catalina.core.StandardContextValve.invoke(StandardContextValve.java:122)
	at org.apache.catalina.authenticator.AuthenticatorBase.invoke(AuthenticatorBase.java:505)
	at org.apache.catalina.core.StandardHostValve.invoke(StandardHostValve.java:170)
	at org.apache.catalina.valves.ErrorReportValve.invoke(ErrorReportValve.java:103)
	at org.apache.catalina.valves.AccessLogValve.invoke(AccessLogValve.java:957)
	at org.apache.catalina.core.StandardEngineValve.invoke(StandardEngineValve.java:116)
	at org.apache.catalina.connector.CoyoteAdapter.service(CoyoteAdapter.java:423)
	at org.apache.coyote.http11.AbstractHttp11Processor.process(AbstractHttp11Processor.java:1079)
	at org.apache.coyote.AbstractProtocol$AbstractConnectionHandler.process(AbstractProtocol.java:620)
	at org.apache.tomcat.util.net.JIoEndpoint$SocketProcessor.run(JIoEndpoint.java:316)
	at java.util.concurrent.ThreadPoolExecutor$Worker.runTask(ThreadPoolExecutor.java:895)
	at java.util.concurrent.ThreadPoolExecutor$Worker.run(ThreadPoolExecutor.java:918)
	at org.apache.tomcat.util.threads.TaskThread$WrappingRunnable.run(TaskThread.java:61)
	at java.lang.Thread.run(Thread.java:695)
2016-4-12 21:28:51 org.apache.catalina.core.StandardWrapperValve invoke
严重: Servlet.service() for servlet [spring] in context with path [/hello] threw exception [Request processing failed; nested exception is org.springframework.context.ApplicationContextException: Must define a single VelocityConfig bean in this web application context (may be inherited): VelocityConfigurer is the usual implementation. This bean may be given any name.; nested exception is org.springframework.beans.factory.NoSuchBeanDefinitionException: No qualifying bean of type [org.springframework.web.servlet.view.velocity.VelocityConfig] is defined] with root cause
org.springframework.beans.factory.NoSuchBeanDefinitionException: No qualifying bean of type [org.springframework.web.servlet.view.velocity.VelocityConfig] is defined
	at org.springframework.beans.factory.BeanFactoryUtils.uniqueBean(BeanFactoryUtils.java:432)
	at org.springframework.beans.factory.BeanFactoryUtils.beanOfTypeIncludingAncestors(BeanFactoryUtils.java:357)
	at org.springframework.web.servlet.view.velocity.VelocityView.autodetectVelocityEngine(VelocityView.java:240)
	at org.springframework.web.servlet.view.velocity.VelocityView.initApplicationContext(VelocityView.java:226)
	at org.springframework.context.support.ApplicationObjectSupport.initApplicationContext(ApplicationObjectSupport.java:120)
	at org.springframework.web.context.support.WebApplicationObjectSupport.initApplicationContext(WebApplicationObjectSupport.java:76)
	at org.springframework.context.support.ApplicationObjectSupport.setApplicationContext(ApplicationObjectSupport.java:74)
	at org.springframework.context.support.ApplicationContextAwareProcessor.invokeAwareInterfaces(ApplicationContextAwareProcessor.java:119)
	at org.springframework.context.support.ApplicationContextAwareProcessor.postProcessBeforeInitialization(ApplicationContextAwareProcessor.java:94)
	at org.springframework.beans.factory.support.AbstractAutowireCapableBeanFactory.applyBeanPostProcessorsBeforeInitialization(AbstractAutowireCapableBeanFactory.java:408)
	at org.springframework.beans.factory.support.AbstractAutowireCapableBeanFactory.initializeBean(AbstractAutowireCapableBeanFactory.java:1566)
	at org.springframework.beans.factory.support.AbstractAutowireCapableBeanFactory.initializeBean(AbstractAutowireCapableBeanFactory.java:399)
	at org.springframework.web.servlet.view.UrlBasedViewResolver.applyLifecycleMethods(UrlBasedViewResolver.java:487)
	at org.springframework.web.servlet.view.UrlBasedViewResolver.loadView(UrlBasedViewResolver.java:482)
	at org.springframework.web.servlet.view.AbstractCachingViewResolver.createView(AbstractCachingViewResolver.java:244)
	at org.springframework.web.servlet.view.UrlBasedViewResolver.createView(UrlBasedViewResolver.java:446)
	at org.springframework.web.servlet.view.AbstractCachingViewResolver.resolveViewName(AbstractCachingViewResolver.java:156)
	at org.springframework.web.servlet.DispatcherServlet.resolveViewName(DispatcherServlet.java:1283)
	at org.springframework.web.servlet.DispatcherServlet.render(DispatcherServlet.java:1224)
	at org.springframework.web.servlet.DispatcherServlet.processDispatchResult(DispatcherServlet.java:1027)
	at org.springframework.web.servlet.DispatcherServlet.doDispatch(DispatcherServlet.java:971)
	at org.springframework.web.servlet.DispatcherServlet.doService(DispatcherServlet.java:893)
	at org.springframework.web.servlet.FrameworkServlet.processRequest(FrameworkServlet.java:966)
	at org.springframework.web.servlet.FrameworkServlet.doGet(FrameworkServlet.java:857)
	at javax.servlet.http.HttpServlet.service(HttpServlet.java:624)
	at org.springframework.web.servlet.FrameworkServlet.service(FrameworkServlet.java:842)
	at javax.servlet.http.HttpServlet.service(HttpServlet.java:731)
	at org.apache.catalina.core.ApplicationFilterChain.internalDoFilter(ApplicationFilterChain.java:303)
	at org.apache.catalina.core.ApplicationFilterChain.doFilter(ApplicationFilterChain.java:208)
	at org.springframework.web.filter.CharacterEncodingFilter.doFilterInternal(CharacterEncodingFilter.java:85)
	at org.springframework.web.filter.OncePerRequestFilter.doFilter(OncePerRequestFilter.java:107)
	at org.apache.catalina.core.ApplicationFilterChain.internalDoFilter(ApplicationFilterChain.java:241)
	at org.apache.catalina.core.ApplicationFilterChain.doFilter(ApplicationFilterChain.java:208)
	at org.apache.catalina.core.StandardWrapperValve.invoke(StandardWrapperValve.java:220)
	at org.apache.catalina.core.StandardContextValve.invoke(StandardContextValve.java:122)
	at org.apache.catalina.authenticator.AuthenticatorBase.invoke(AuthenticatorBase.java:505)
	at org.apache.catalina.core.StandardHostValve.invoke(StandardHostValve.java:170)
	at org.apache.catalina.valves.ErrorReportValve.invoke(ErrorReportValve.java:103)
	at org.apache.catalina.valves.AccessLogValve.invoke(AccessLogValve.java:957)
	at org.apache.catalina.core.StandardEngineValve.invoke(StandardEngineValve.java:116)
	at org.apache.catalina.connector.CoyoteAdapter.service(CoyoteAdapter.java:423)
	at org.apache.coyote.http11.AbstractHttp11Processor.process(AbstractHttp11Processor.java:1079)
	at org.apache.coyote.AbstractProtocol$AbstractConnectionHandler.process(AbstractProtocol.java:620)
	at org.apache.tomcat.util.net.JIoEndpoint$SocketProcessor.run(JIoEndpoint.java:318)
	at java.util.concurrent.ThreadPoolExecutor$Worker.runTask(ThreadPoolExecutor.java:895)
	at java.util.concurrent.ThreadPoolExecutor$Worker.run(ThreadPoolExecutor.java:918)
	at org.apache.tomcat.util.threads.TaskThread$WrappingRunnable.run(TaskThread.java:61)
	at java.lang.Thread.run(Thread.java:695)
2016-4-12 21:28:54 org.apache.catalina.core.StandardWrapperValve invoke
严重: Servlet.service() for servlet [spring] in context with path [/hello] threw exception [Request processing failed; nested exception is org.springframework.context.ApplicationContextException: Must define a single VelocityConfig bean in this web application context (may be inherited): VelocityConfigurer is the usual implementation. This bean may be given any name.; nested exception is org.springframework.beans.factory.NoSuchBeanDefinitionException: No qualifying bean of type [org.springframework.web.servlet.view.velocity.VelocityConfig] is defined] with root cause
org.springframework.beans.factory.NoSuchBeanDefinitionException: No qualifying bean of type [org.springframework.web.servlet.view.velocity.VelocityConfig] is defined
	at org.springframework.beans.factory.BeanFactoryUtils.uniqueBean(BeanFactoryUtils.java:432)
	at org.springframework.beans.factory.BeanFactoryUtils.beanOfTypeIncludingAncestors(BeanFactoryUtils.java:357)
	at org.springframework.web.servlet.view.velocity.VelocityView.autodetectVelocityEngine(VelocityView.java:240)
	at org.springframework.web.servlet.view.velocity.VelocityView.initApplicationContext(VelocityView.java:226)
	at org.springframework.context.support.ApplicationObjectSupport.initApplicationContext(ApplicationObjectSupport.java:120)
	at org.springframework.web.context.support.WebApplicationObjectSupport.initApplicationContext(WebApplicationObjectSupport.java:76)
	at org.springframework.context.support.ApplicationObjectSupport.setApplicationContext(ApplicationObjectSupport.java:74)
	at org.springframework.context.support.ApplicationContextAwareProcessor.invokeAwareInterfaces(ApplicationContextAwareProcessor.java:119)
	at org.springframework.context.support.ApplicationContextAwareProcessor.postProcessBeforeInitialization(ApplicationContextAwareProcessor.java:94)
	at org.springframework.beans.factory.support.AbstractAutowireCapableBeanFactory.applyBeanPostProcessorsBeforeInitialization(AbstractAutowireCapableBeanFactory.java:408)
	at org.springframework.beans.factory.support.AbstractAutowireCapableBeanFactory.initializeBean(AbstractAutowireCapableBeanFactory.java:1566)
	at org.springframework.beans.factory.support.AbstractAutowireCapableBeanFactory.initializeBean(AbstractAutowireCapableBeanFactory.java:399)
	at org.springframework.web.servlet.view.UrlBasedViewResolver.applyLifecycleMethods(UrlBasedViewResolver.java:487)
	at org.springframework.web.servlet.view.UrlBasedViewResolver.loadView(UrlBasedViewResolver.java:482)
	at org.springframework.web.servlet.view.AbstractCachingViewResolver.createView(AbstractCachingViewResolver.java:244)
	at org.springframework.web.servlet.view.UrlBasedViewResolver.createView(UrlBasedViewResolver.java:446)
	at org.springframework.web.servlet.view.AbstractCachingViewResolver.resolveViewName(AbstractCachingViewResolver.java:156)
	at org.springframework.web.servlet.DispatcherServlet.resolveViewName(DispatcherServlet.java:1283)
	at org.springframework.web.servlet.DispatcherServlet.render(DispatcherServlet.java:1224)
	at org.springframework.web.servlet.DispatcherServlet.processDispatchResult(DispatcherServlet.java:1027)
	at org.springframework.web.servlet.DispatcherServlet.doDispatch(DispatcherServlet.java:971)
	at org.springframework.web.servlet.DispatcherServlet.doService(DispatcherServlet.java:893)
	at org.springframework.web.servlet.FrameworkServlet.processRequest(FrameworkServlet.java:966)
	at org.springframework.web.servlet.FrameworkServlet.doGet(FrameworkServlet.java:857)
	at javax.servlet.http.HttpServlet.service(HttpServlet.java:624)
	at org.springframework.web.servlet.FrameworkServlet.service(FrameworkServlet.java:842)
	at javax.servlet.http.HttpServlet.service(HttpServlet.java:731)
	at org.apache.catalina.core.ApplicationFilterChain.internalDoFilter(ApplicationFilterChain.java:303)
	at org.apache.catalina.core.ApplicationFilterChain.doFilter(ApplicationFilterChain.java:208)
	at org.springframework.web.filter.CharacterEncodingFilter.doFilterInternal(CharacterEncodingFilter.java:85)
	at org.springframework.web.filter.OncePerRequestFilter.doFilter(OncePerRequestFilter.java:107)
	at org.apache.catalina.core.ApplicationFilterChain.internalDoFilter(ApplicationFilterChain.java:241)
	at org.apache.catalina.core.ApplicationFilterChain.doFilter(ApplicationFilterChain.java:208)
	at org.apache.catalina.core.StandardWrapperValve.invoke(StandardWrapperValve.java:220)
	at org.apache.catalina.core.StandardContextValve.invoke(StandardContextValve.java:122)
	at org.apache.catalina.authenticator.AuthenticatorBase.invoke(AuthenticatorBase.java:505)
	at org.apache.catalina.core.StandardHostValve.invoke(StandardHostValve.java:170)
	at org.apache.catalina.valves.ErrorReportValve.invoke(ErrorReportValve.java:103)
	at org.apache.catalina.valves.AccessLogValve.invoke(AccessLogValve.java:957)
	at org.apache.catalina.core.StandardEngineValve.invoke(StandardEngineValve.java:116)
	at org.apache.catalina.connector.CoyoteAdapter.service(CoyoteAdapter.java:423)
	at org.apache.coyote.http11.AbstractHttp11Processor.process(AbstractHttp11Processor.java:1079)
	at org.apache.coyote.AbstractProtocol$AbstractConnectionHandler.process(AbstractProtocol.java:620)
	at org.apache.tomcat.util.net.JIoEndpoint$SocketProcessor.run(JIoEndpoint.java:318)
	at java.util.concurrent.ThreadPoolExecutor$Worker.runTask(ThreadPoolExecutor.java:895)
	at java.util.concurrent.ThreadPoolExecutor$Worker.run(ThreadPoolExecutor.java:918)
	at org.apache.tomcat.util.threads.TaskThread$WrappingRunnable.run(TaskThread.java:61)
	at java.lang.Thread.run(Thread.java:695)
2016-4-12 21:35:01 org.apache.catalina.core.ApplicationContext log
信息: Destroying Spring FrameworkServlet 'spring'
2016-4-12 21:35:01 org.apache.catalina.core.ApplicationContext log
信息: Closing Spring root WebApplicationContext
2016-4-12 21:35:01 org.apache.catalina.core.StandardContext listenerStop
严重: Exception sending context destroyed event to listener instance of class org.springframework.web.context.ContextLoaderListener
java.lang.NoClassDefFoundError: org/springframework/web/context/ContextCleanupListener
	at org.springframework.web.context.ContextLoaderListener.contextDestroyed(ContextLoaderListener.java:116)
	at org.apache.catalina.core.StandardContext.listenerStop(StandardContext.java:5063)
	at org.apache.catalina.core.StandardContext.stopInternal(StandardContext.java:5723)
	at org.apache.catalina.util.LifecycleBase.stop(LifecycleBase.java:232)
	at org.apache.catalina.core.ContainerBase.removeChild(ContainerBase.java:1028)
	at org.apache.catalina.startup.HostConfig.undeploy(HostConfig.java:1547)
	at org.apache.catalina.startup.HostConfig.checkResources(HostConfig.java:1474)
	at org.apache.catalina.startup.HostConfig.check(HostConfig.java:1695)
	at org.apache.catalina.startup.HostConfig.lifecycleEvent(HostConfig.java:333)
	at org.apache.catalina.util.LifecycleSupport.fireLifecycleEvent(LifecycleSupport.java:117)
	at org.apache.catalina.util.LifecycleBase.fireLifecycleEvent(LifecycleBase.java:90)
	at org.apache.catalina.core.ContainerBase.backgroundProcess(ContainerBase.java:1374)
	at org.apache.catalina.core.ContainerBase$ContainerBackgroundProcessor.processChildren(ContainerBase.java:1546)
	at org.apache.catalina.core.ContainerBase$ContainerBackgroundProcessor.processChildren(ContainerBase.java:1556)
	at org.apache.catalina.core.ContainerBase$ContainerBackgroundProcessor.run(ContainerBase.java:1524)
	at java.lang.Thread.run(Thread.java:695)
Caused by: java.lang.ClassNotFoundException: org.springframework.web.context.ContextCleanupListener
	at org.apache.catalina.loader.WebappClassLoader.loadClass(WebappClassLoader.java:1720)
	at org.apache.catalina.loader.WebappClassLoader.loadClass(WebappClassLoader.java:1571)
	... 16 more
2016-4-12 21:35:01 org.apache.catalina.core.ApplicationContext log
信息: Shutting down log4j
2016-4-12 21:35:01 org.apache.catalina.core.StandardContext listenerStop
严重: Exception sending context destroyed event to listener instance of class org.springframework.web.util.Log4jConfigListener
java.lang.NoClassDefFoundError: org/apache/log4j/helpers/NullEnumeration
	at org.apache.log4j.Category.getAllAppenders(Category.java:401)
	at org.apache.log4j.Category.closeNestedAppenders(Category.java:214)
	at org.apache.log4j.Hierarchy.shutdown(Hierarchy.java:438)
	at org.apache.log4j.LogManager.shutdown(LogManager.java:218)
	at org.springframework.util.Log4jConfigurer.shutdownLogging(Log4jConfigurer.java:120)
	at org.springframework.web.util.Log4jWebConfigurer.shutdownLogging(Log4jWebConfigurer.java:170)
	at org.springframework.web.util.Log4jConfigListener.contextDestroyed(Log4jConfigListener.java:51)
	at org.apache.catalina.core.StandardContext.listenerStop(StandardContext.java:5063)
	at org.apache.catalina.core.StandardContext.stopInternal(StandardContext.java:5723)
	at org.apache.catalina.util.LifecycleBase.stop(LifecycleBase.java:232)
	at org.apache.catalina.core.ContainerBase.removeChild(ContainerBase.java:1028)
	at org.apache.catalina.startup.HostConfig.undeploy(HostConfig.java:1547)
	at org.apache.catalina.startup.HostConfig.checkResources(HostConfig.java:1474)
	at org.apache.catalina.startup.HostConfig.check(HostConfig.java:1695)
	at org.apache.catalina.startup.HostConfig.lifecycleEvent(HostConfig.java:333)
	at org.apache.catalina.util.LifecycleSupport.fireLifecycleEvent(LifecycleSupport.java:117)
	at org.apache.catalina.util.LifecycleBase.fireLifecycleEvent(LifecycleBase.java:90)
	at org.apache.catalina.core.ContainerBase.backgroundProcess(ContainerBase.java:1374)
	at org.apache.catalina.core.ContainerBase$ContainerBackgroundProcessor.processChildren(ContainerBase.java:1546)
	at org.apache.catalina.core.ContainerBase$ContainerBackgroundProcessor.processChildren(ContainerBase.java:1556)
	at org.apache.catalina.core.ContainerBase$ContainerBackgroundProcessor.run(ContainerBase.java:1524)
	at java.lang.Thread.run(Thread.java:695)
Caused by: java.lang.ClassNotFoundException: org.apache.log4j.helpers.NullEnumeration
	at org.apache.catalina.loader.WebappClassLoader.loadClass(WebappClassLoader.java:1720)
	at org.apache.catalina.loader.WebappClassLoader.loadClass(WebappClassLoader.java:1571)
	... 22 more
2016-4-12 21:35:02 org.apache.catalina.core.ApplicationContext log
信息: No Spring WebApplicationInitializer types detected on classpath
2016-4-12 21:35:02 org.apache.catalina.core.ApplicationContext log
信息: Set web app root system property: 'springmvc.root' = [/Users/xiaoqian/Documents/Tomcat/webapps/hello/]
2016-4-12 21:35:02 org.apache.catalina.core.ApplicationContext log
信息: Initializing log4j from [classpath:conf/log4j.properties]
2016-4-12 21:35:02 org.apache.catalina.core.ApplicationContext log
信息: Initializing Spring root WebApplicationContext
2016-4-12 21:35:03 org.apache.catalina.core.ApplicationContext log
信息: Initializing Spring FrameworkServlet 'spring'
2016-4-12 21:35:04 org.apache.catalina.core.ApplicationContext log
信息: Destroying Spring FrameworkServlet 'spring'
2016-4-12 21:35:04 org.apache.catalina.core.ApplicationContext log
信息: Closing Spring root WebApplicationContext
2016-4-12 21:35:04 org.apache.catalina.core.ApplicationContext log
信息: Shutting down log4j
2016-4-12 21:35:04 org.apache.catalina.core.ApplicationContext log
信息: SessionListener: contextDestroyed()
2016-4-12 21:35:04 org.apache.catalina.core.ApplicationContext log
信息: ContextListener: contextDestroyed()
2016-4-12 21:35:15 org.apache.catalina.core.ApplicationContext log
信息: No Spring WebApplicationInitializer types detected on classpath
2016-4-12 21:35:15 org.apache.catalina.core.ApplicationContext log
信息: Set web app root system property: 'springmvc.root' = [/Users/xiaoqian/Documents/Tomcat/webapps/hello/]
2016-4-12 21:35:15 org.apache.catalina.core.ApplicationContext log
信息: Initializing log4j from [classpath:conf/log4j.properties]
2016-4-12 21:35:15 org.apache.catalina.core.ApplicationContext log
信息: Initializing Spring root WebApplicationContext
2016-4-12 21:35:16 org.apache.catalina.core.ApplicationContext log
信息: Initializing Spring FrameworkServlet 'spring'
2016-4-12 21:35:18 org.apache.catalina.core.ApplicationContext log
信息: ContextListener: contextInitialized()
2016-4-12 21:35:18 org.apache.catalina.core.ApplicationContext log
信息: SessionListener: contextInitialized()
2016-4-12 21:35:18 org.apache.catalina.core.ApplicationContext log
信息: ContextListener: attributeAdded('org.apache.jasper.compiler.TldLocationsCache', 'org.apache.jasper.compiler.TldLocationsCache@2754de0b')
2016-4-12 22:25:36 org.apache.catalina.core.ApplicationContext log
信息: Destroying Spring FrameworkServlet 'spring'
2016-4-12 22:25:36 org.apache.catalina.core.ApplicationContext log
信息: Closing Spring root WebApplicationContext
2016-4-12 22:25:36 org.apache.catalina.core.StandardContext listenerStop
严重: Exception sending context destroyed event to listener instance of class org.springframework.web.context.ContextLoaderListener
java.lang.NoClassDefFoundError: org/apache/log4j/spi/ThrowableInformation
	at org.apache.log4j.spi.LoggingEvent.<init>(LoggingEvent.java:145)
	at org.apache.log4j.Category.forcedLog(Category.java:379)
	at org.apache.log4j.Category.log(Category.java:844)
	at org.apache.commons.logging.impl.Log4JLogger.error(Log4JLogger.java:229)
	at org.springframework.beans.factory.support.DefaultSingletonBeanRegistry.destroyBean(DefaultSingletonBeanRegistry.java:581)
	at org.springframework.beans.factory.support.DefaultSingletonBeanRegistry.destroySingleton(DefaultSingletonBeanRegistry.java:554)
	at org.springframework.beans.factory.support.DefaultListableBeanFactory.destroySingleton(DefaultListableBeanFactory.java:900)
	at org.springframework.beans.factory.support.DefaultSingletonBeanRegistry.destroySingletons(DefaultSingletonBeanRegistry.java:523)
	at org.springframework.beans.factory.support.DefaultListableBeanFactory.destroySingletons(DefaultListableBeanFactory.java:907)
	at org.springframework.context.support.AbstractApplicationContext.destroyBeans(AbstractApplicationContext.java:908)
	at org.springframework.context.support.AbstractApplicationContext.doClose(AbstractApplicationContext.java:884)
	at org.springframework.context.support.AbstractApplicationContext.close(AbstractApplicationContext.java:836)
	at org.springframework.web.context.ContextLoader.closeWebApplicationContext(ContextLoader.java:579)
	at org.springframework.web.context.ContextLoaderListener.contextDestroyed(ContextLoaderListener.java:115)
	at org.apache.catalina.core.StandardContext.listenerStop(StandardContext.java:5063)
	at org.apache.catalina.core.StandardContext.stopInternal(StandardContext.java:5723)
	at org.apache.catalina.util.LifecycleBase.stop(LifecycleBase.java:232)
	at org.apache.catalina.core.ContainerBase$StopChild.call(ContainerBase.java:1591)
	at org.apache.catalina.core.ContainerBase$StopChild.call(ContainerBase.java:1580)
	at java.util.concurrent.FutureTask$Sync.innerRun(FutureTask.java:303)
	at java.util.concurrent.FutureTask.run(FutureTask.java:138)
	at java.util.concurrent.ThreadPoolExecutor$Worker.runTask(ThreadPoolExecutor.java:895)
	at java.util.concurrent.ThreadPoolExecutor$Worker.run(ThreadPoolExecutor.java:918)
	at java.lang.Thread.run(Thread.java:695)
2016-4-12 22:25:36 org.apache.catalina.core.ApplicationContext log
信息: Shutting down log4j
2016-4-12 22:25:36 org.apache.catalina.core.StandardContext listenerStop
严重: Exception sending context destroyed event to listener instance of class org.springframework.web.util.Log4jConfigListener
java.lang.NoClassDefFoundError: org/apache/log4j/helpers/NullEnumeration
	at org.apache.log4j.Category.getAllAppenders(Category.java:401)
	at org.apache.log4j.Category.closeNestedAppenders(Category.java:214)
	at org.apache.log4j.Hierarchy.shutdown(Hierarchy.java:438)
	at org.apache.log4j.LogManager.shutdown(LogManager.java:218)
	at org.springframework.util.Log4jConfigurer.shutdownLogging(Log4jConfigurer.java:120)
	at org.springframework.web.util.Log4jWebConfigurer.shutdownLogging(Log4jWebConfigurer.java:170)
	at org.springframework.web.util.Log4jConfigListener.contextDestroyed(Log4jConfigListener.java:51)
	at org.apache.catalina.core.StandardContext.listenerStop(StandardContext.java:5063)
	at org.apache.catalina.core.StandardContext.stopInternal(StandardContext.java:5723)
	at org.apache.catalina.util.LifecycleBase.stop(LifecycleBase.java:232)
	at org.apache.catalina.core.ContainerBase$StopChild.call(ContainerBase.java:1591)
	at org.apache.catalina.core.ContainerBase$StopChild.call(ContainerBase.java:1580)
	at java.util.concurrent.FutureTask$Sync.innerRun(FutureTask.java:303)
	at java.util.concurrent.FutureTask.run(FutureTask.java:138)
	at java.util.concurrent.ThreadPoolExecutor$Worker.runTask(ThreadPoolExecutor.java:895)
	at java.util.concurrent.ThreadPoolExecutor$Worker.run(ThreadPoolExecutor.java:918)
	at java.lang.Thread.run(Thread.java:695)
Caused by: java.lang.ClassNotFoundException: org.apache.log4j.helpers.NullEnumeration
	at org.apache.catalina.loader.WebappClassLoader.loadClass(WebappClassLoader.java:1720)
	at org.apache.catalina.loader.WebappClassLoader.loadClass(WebappClassLoader.java:1571)
	... 17 more
2016-4-12 22:25:36 org.apache.catalina.core.ApplicationContext log
信息: SessionListener: contextDestroyed()
2016-4-12 22:25:36 org.apache.catalina.core.ApplicationContext log
信息: ContextListener: contextDestroyed()
2016-4-12 22:25:46 org.apache.catalina.core.ApplicationContext log
信息: No Spring WebApplicationInitializer types detected on classpath
2016-4-12 22:25:46 org.apache.catalina.core.ApplicationContext log
信息: Set web app root system property: 'springmvc.root' = [/Users/xiaoqian/Documents/Tomcat/webapps/hello/]
2016-4-12 22:25:46 org.apache.catalina.core.ApplicationContext log
信息: Initializing log4j from [classpath:conf/log4j.properties]
2016-4-12 22:25:46 org.apache.catalina.core.ApplicationContext log
信息: Initializing Spring root WebApplicationContext
2016-4-12 22:25:47 org.apache.catalina.core.ApplicationContext log
信息: Initializing Spring FrameworkServlet 'spring'
2016-4-12 22:25:48 org.apache.catalina.core.ApplicationContext log
信息: ContextListener: contextInitialized()
2016-4-12 22:25:48 org.apache.catalina.core.ApplicationContext log
信息: SessionListener: contextInitialized()
2016-4-12 22:25:48 org.apache.catalina.core.ApplicationContext log
信息: ContextListener: attributeAdded('org.apache.jasper.compiler.TldLocationsCache', 'org.apache.jasper.compiler.TldLocationsCache@42ff87dc')
2016-4-12 22:49:10 org.apache.catalina.core.ApplicationContext log
信息: Destroying Spring FrameworkServlet 'spring'
2016-4-12 22:49:10 org.apache.catalina.core.ApplicationContext log
信息: Closing Spring root WebApplicationContext
2016-4-12 22:49:10 org.apache.catalina.core.StandardContext listenerStop
严重: Exception sending context destroyed event to listener instance of class org.springframework.web.context.ContextLoaderListener
java.lang.NoClassDefFoundError: org/apache/log4j/spi/ThrowableInformation
	at org.apache.log4j.spi.LoggingEvent.<init>(LoggingEvent.java:145)
	at org.apache.log4j.Category.forcedLog(Category.java:379)
	at org.apache.log4j.Category.log(Category.java:844)
	at org.apache.commons.logging.impl.Log4JLogger.error(Log4JLogger.java:229)
	at org.springframework.beans.factory.support.DefaultSingletonBeanRegistry.destroyBean(DefaultSingletonBeanRegistry.java:581)
	at org.springframework.beans.factory.support.DefaultSingletonBeanRegistry.destroySingleton(DefaultSingletonBeanRegistry.java:554)
	at org.springframework.beans.factory.support.DefaultListableBeanFactory.destroySingleton(DefaultListableBeanFactory.java:900)
	at org.springframework.beans.factory.support.DefaultSingletonBeanRegistry.destroySingletons(DefaultSingletonBeanRegistry.java:523)
	at org.springframework.beans.factory.support.DefaultListableBeanFactory.destroySingletons(DefaultListableBeanFactory.java:907)
	at org.springframework.context.support.AbstractApplicationContext.destroyBeans(AbstractApplicationContext.java:908)
	at org.springframework.context.support.AbstractApplicationContext.doClose(AbstractApplicationContext.java:884)
	at org.springframework.context.support.AbstractApplicationContext.close(AbstractApplicationContext.java:836)
	at org.springframework.web.context.ContextLoader.closeWebApplicationContext(ContextLoader.java:579)
	at org.springframework.web.context.ContextLoaderListener.contextDestroyed(ContextLoaderListener.java:115)
	at org.apache.catalina.core.StandardContext.listenerStop(StandardContext.java:5063)
	at org.apache.catalina.core.StandardContext.stopInternal(StandardContext.java:5723)
	at org.apache.catalina.util.LifecycleBase.stop(LifecycleBase.java:232)
	at org.apache.catalina.core.ContainerBase.removeChild(ContainerBase.java:1028)
	at org.apache.catalina.startup.HostConfig.undeploy(HostConfig.java:1547)
	at org.apache.catalina.startup.HostConfig.checkResources(HostConfig.java:1474)
	at org.apache.catalina.startup.HostConfig.check(HostConfig.java:1695)
	at org.apache.catalina.startup.HostConfig.lifecycleEvent(HostConfig.java:333)
	at org.apache.catalina.util.LifecycleSupport.fireLifecycleEvent(LifecycleSupport.java:117)
	at org.apache.catalina.util.LifecycleBase.fireLifecycleEvent(LifecycleBase.java:90)
	at org.apache.catalina.core.ContainerBase.backgroundProcess(ContainerBase.java:1374)
	at org.apache.catalina.core.ContainerBase$ContainerBackgroundProcessor.processChildren(ContainerBase.java:1546)
	at org.apache.catalina.core.ContainerBase$ContainerBackgroundProcessor.processChildren(ContainerBase.java:1556)
	at org.apache.catalina.core.ContainerBase$ContainerBackgroundProcessor.run(ContainerBase.java:1524)
	at java.lang.Thread.run(Thread.java:695)
2016-4-12 22:49:10 org.apache.catalina.core.ApplicationContext log
信息: Shutting down log4j
2016-4-12 22:49:10 org.apache.catalina.core.StandardContext listenerStop
严重: Exception sending context destroyed event to listener instance of class org.springframework.web.util.Log4jConfigListener
java.lang.NoClassDefFoundError: org/apache/log4j/helpers/NullEnumeration
	at org.apache.log4j.Category.getAllAppenders(Category.java:401)
	at org.apache.log4j.Category.closeNestedAppenders(Category.java:214)
	at org.apache.log4j.Hierarchy.shutdown(Hierarchy.java:438)
	at org.apache.log4j.LogManager.shutdown(LogManager.java:218)
	at org.springframework.util.Log4jConfigurer.shutdownLogging(Log4jConfigurer.java:120)
	at org.springframework.web.util.Log4jWebConfigurer.shutdownLogging(Log4jWebConfigurer.java:170)
	at org.springframework.web.util.Log4jConfigListener.contextDestroyed(Log4jConfigListener.java:51)
	at org.apache.catalina.core.StandardContext.listenerStop(StandardContext.java:5063)
	at org.apache.catalina.core.StandardContext.stopInternal(StandardContext.java:5723)
	at org.apache.catalina.util.LifecycleBase.stop(LifecycleBase.java:232)
	at org.apache.catalina.core.ContainerBase.removeChild(ContainerBase.java:1028)
	at org.apache.catalina.startup.HostConfig.undeploy(HostConfig.java:1547)
	at org.apache.catalina.startup.HostConfig.checkResources(HostConfig.java:1474)
	at org.apache.catalina.startup.HostConfig.check(HostConfig.java:1695)
	at org.apache.catalina.startup.HostConfig.lifecycleEvent(HostConfig.java:333)
	at org.apache.catalina.util.LifecycleSupport.fireLifecycleEvent(LifecycleSupport.java:117)
	at org.apache.catalina.util.LifecycleBase.fireLifecycleEvent(LifecycleBase.java:90)
	at org.apache.catalina.core.ContainerBase.backgroundProcess(ContainerBase.java:1374)
	at org.apache.catalina.core.ContainerBase$ContainerBackgroundProcessor.processChildren(ContainerBase.java:1546)
	at org.apache.catalina.core.ContainerBase$ContainerBackgroundProcessor.processChildren(ContainerBase.java:1556)
	at org.apache.catalina.core.ContainerBase$ContainerBackgroundProcessor.run(ContainerBase.java:1524)
	at java.lang.Thread.run(Thread.java:695)
Caused by: java.lang.ClassNotFoundException: org.apache.log4j.helpers.NullEnumeration
	at org.apache.catalina.loader.WebappClassLoader.loadClass(WebappClassLoader.java:1720)
	at org.apache.catalina.loader.WebappClassLoader.loadClass(WebappClassLoader.java:1571)
	... 22 more
2016-4-12 22:49:41 org.apache.catalina.core.ApplicationContext log
信息: No Spring WebApplicationInitializer types detected on classpath
2016-4-12 22:49:41 org.apache.catalina.core.ApplicationContext log
信息: Set web app root system property: 'springmvc.root' = [/Users/xiaoqian/Documents/Tomcat/webapps/hello/]
2016-4-12 22:49:41 org.apache.catalina.core.ApplicationContext log
信息: Initializing log4j from [classpath:conf/log4j.properties]
2016-4-12 22:49:41 org.apache.catalina.core.ApplicationContext log
信息: Initializing Spring root WebApplicationContext
2016-4-12 22:49:41 org.apache.catalina.core.ApplicationContext log
信息: Initializing Spring FrameworkServlet 'spring'
2016-4-12 22:49:42 org.apache.catalina.core.ApplicationContext log
信息: Destroying Spring FrameworkServlet 'spring'
2016-4-12 22:49:42 org.apache.catalina.core.ApplicationContext log
信息: Closing Spring root WebApplicationContext
2016-4-12 22:49:42 org.apache.catalina.core.ApplicationContext log
信息: Shutting down log4j
2016-4-12 22:49:42 org.apache.catalina.core.ApplicationContext log
信息: SessionListener: contextDestroyed()
2016-4-12 22:49:42 org.apache.catalina.core.ApplicationContext log
信息: ContextListener: contextDestroyed()
2016-4-12 22:49:50 org.apache.catalina.core.ApplicationContext log
信息: No Spring WebApplicationInitializer types detected on classpath
2016-4-12 22:49:50 org.apache.catalina.core.ApplicationContext log
信息: Set web app root system property: 'springmvc.root' = [/Users/xiaoqian/Documents/Tomcat/webapps/hello/]
2016-4-12 22:49:50 org.apache.catalina.core.ApplicationContext log
信息: Initializing log4j from [classpath:conf/log4j.properties]
2016-4-12 22:49:51 org.apache.catalina.core.ApplicationContext log
信息: Initializing Spring root WebApplicationContext
2016-4-12 22:49:52 org.apache.catalina.core.ApplicationContext log
信息: Initializing Spring FrameworkServlet 'spring'
2016-4-12 22:49:53 org.apache.catalina.core.ApplicationContext log
信息: ContextListener: contextInitialized()
2016-4-12 22:49:53 org.apache.catalina.core.ApplicationContext log
信息: SessionListener: contextInitialized()
2016-4-12 22:49:53 org.apache.catalina.core.ApplicationContext log
信息: ContextListener: attributeAdded('org.apache.jasper.compiler.TldLocationsCache', 'org.apache.jasper.compiler.TldLocationsCache@5dc37b8f')
2016-4-12 23:06:25 org.apache.catalina.core.ApplicationContext log
信息: Destroying Spring FrameworkServlet 'spring'
2016-4-12 23:06:25 org.apache.catalina.core.ApplicationContext log
信息: Closing Spring root WebApplicationContext
2016-4-12 23:06:25 org.apache.catalina.core.StandardContext listenerStop
严重: Exception sending context destroyed event to listener instance of class org.springframework.web.context.ContextLoaderListener
java.lang.NoClassDefFoundError: org/apache/log4j/spi/ThrowableInformation
	at org.apache.log4j.spi.LoggingEvent.<init>(LoggingEvent.java:145)
	at org.apache.log4j.Category.forcedLog(Category.java:379)
	at org.apache.log4j.Category.log(Category.java:844)
	at org.apache.commons.logging.impl.Log4JLogger.error(Log4JLogger.java:229)
	at org.springframework.beans.factory.support.DefaultSingletonBeanRegistry.destroyBean(DefaultSingletonBeanRegistry.java:581)
	at org.springframework.beans.factory.support.DefaultSingletonBeanRegistry.destroySingleton(DefaultSingletonBeanRegistry.java:554)
	at org.springframework.beans.factory.support.DefaultListableBeanFactory.destroySingleton(DefaultListableBeanFactory.java:900)
	at org.springframework.beans.factory.support.DefaultSingletonBeanRegistry.destroySingletons(DefaultSingletonBeanRegistry.java:523)
	at org.springframework.beans.factory.support.DefaultListableBeanFactory.destroySingletons(DefaultListableBeanFactory.java:907)
	at org.springframework.context.support.AbstractApplicationContext.destroyBeans(AbstractApplicationContext.java:908)
	at org.springframework.context.support.AbstractApplicationContext.doClose(AbstractApplicationContext.java:884)
	at org.springframework.context.support.AbstractApplicationContext.close(AbstractApplicationContext.java:836)
	at org.springframework.web.context.ContextLoader.closeWebApplicationContext(ContextLoader.java:579)
	at org.springframework.web.context.ContextLoaderListener.contextDestroyed(ContextLoaderListener.java:115)
	at org.apache.catalina.core.StandardContext.listenerStop(StandardContext.java:5063)
	at org.apache.catalina.core.StandardContext.stopInternal(StandardContext.java:5723)
	at org.apache.catalina.util.LifecycleBase.stop(LifecycleBase.java:232)
	at org.apache.catalina.core.ContainerBase.removeChild(ContainerBase.java:1028)
	at org.apache.catalina.startup.HostConfig.undeploy(HostConfig.java:1547)
	at org.apache.catalina.startup.HostConfig.checkResources(HostConfig.java:1474)
	at org.apache.catalina.startup.HostConfig.check(HostConfig.java:1695)
	at org.apache.catalina.startup.HostConfig.lifecycleEvent(HostConfig.java:333)
	at org.apache.catalina.util.LifecycleSupport.fireLifecycleEvent(LifecycleSupport.java:117)
	at org.apache.catalina.util.LifecycleBase.fireLifecycleEvent(LifecycleBase.java:90)
	at org.apache.catalina.core.ContainerBase.backgroundProcess(ContainerBase.java:1374)
	at org.apache.catalina.core.ContainerBase$ContainerBackgroundProcessor.processChildren(ContainerBase.java:1546)
	at org.apache.catalina.core.ContainerBase$ContainerBackgroundProcessor.processChildren(ContainerBase.java:1556)
	at org.apache.catalina.core.ContainerBase$ContainerBackgroundProcessor.run(ContainerBase.java:1524)
	at java.lang.Thread.run(Thread.java:695)
2016-4-12 23:06:25 org.apache.catalina.core.ApplicationContext log
信息: Shutting down log4j
2016-4-12 23:06:25 org.apache.catalina.core.StandardContext listenerStop
严重: Exception sending context destroyed event to listener instance of class org.springframework.web.util.Log4jConfigListener
java.lang.NoClassDefFoundError: org/apache/log4j/helpers/NullEnumeration
	at org.apache.log4j.Category.getAllAppenders(Category.java:401)
	at org.apache.log4j.Category.closeNestedAppenders(Category.java:214)
	at org.apache.log4j.Hierarchy.shutdown(Hierarchy.java:438)
	at org.apache.log4j.LogManager.shutdown(LogManager.java:218)
	at org.springframework.util.Log4jConfigurer.shutdownLogging(Log4jConfigurer.java:120)
	at org.springframework.web.util.Log4jWebConfigurer.shutdownLogging(Log4jWebConfigurer.java:170)
	at org.springframework.web.util.Log4jConfigListener.contextDestroyed(Log4jConfigListener.java:51)
	at org.apache.catalina.core.StandardContext.listenerStop(StandardContext.java:5063)
	at org.apache.catalina.core.StandardContext.stopInternal(StandardContext.java:5723)
	at org.apache.catalina.util.LifecycleBase.stop(LifecycleBase.java:232)
	at org.apache.catalina.core.ContainerBase.removeChild(ContainerBase.java:1028)
	at org.apache.catalina.startup.HostConfig.undeploy(HostConfig.java:1547)
	at org.apache.catalina.startup.HostConfig.checkResources(HostConfig.java:1474)
	at org.apache.catalina.startup.HostConfig.check(HostConfig.java:1695)
	at org.apache.catalina.startup.HostConfig.lifecycleEvent(HostConfig.java:333)
	at org.apache.catalina.util.LifecycleSupport.fireLifecycleEvent(LifecycleSupport.java:117)
	at org.apache.catalina.util.LifecycleBase.fireLifecycleEvent(LifecycleBase.java:90)
	at org.apache.catalina.core.ContainerBase.backgroundProcess(ContainerBase.java:1374)
	at org.apache.catalina.core.ContainerBase$ContainerBackgroundProcessor.processChildren(ContainerBase.java:1546)
	at org.apache.catalina.core.ContainerBase$ContainerBackgroundProcessor.processChildren(ContainerBase.java:1556)
	at org.apache.catalina.core.ContainerBase$ContainerBackgroundProcessor.run(ContainerBase.java:1524)
	at java.lang.Thread.run(Thread.java:695)
Caused by: java.lang.ClassNotFoundException: org.apache.log4j.helpers.NullEnumeration
	at org.apache.catalina.loader.WebappClassLoader.loadClass(WebappClassLoader.java:1720)
	at org.apache.catalina.loader.WebappClassLoader.loadClass(WebappClassLoader.java:1571)
	... 22 more
2016-4-12 23:06:46 org.apache.catalina.core.ApplicationContext log
信息: No Spring WebApplicationInitializer types detected on classpath
2016-4-12 23:06:46 org.apache.catalina.core.ApplicationContext log
信息: Set web app root system property: 'springmvc.root' = [/Users/xiaoqian/Documents/Tomcat/webapps/hello/]
2016-4-12 23:06:46 org.apache.catalina.core.ApplicationContext log
信息: Initializing log4j from [classpath:conf/log4j.properties]
2016-4-12 23:06:46 org.apache.catalina.core.ApplicationContext log
信息: Initializing Spring root WebApplicationContext
2016-4-12 23:06:47 org.apache.catalina.core.ApplicationContext log
信息: Initializing Spring FrameworkServlet 'spring'
2016-4-12 23:06:50 org.apache.catalina.core.ApplicationContext log
信息: Destroying Spring FrameworkServlet 'spring'
2016-4-12 23:06:50 org.apache.catalina.core.ApplicationContext log
信息: Closing Spring root WebApplicationContext
2016-4-12 23:06:50 org.apache.catalina.core.ApplicationContext log
信息: Shutting down log4j
2016-4-12 23:06:50 org.apache.catalina.core.ApplicationContext log
信息: SessionListener: contextDestroyed()
2016-4-12 23:06:50 org.apache.catalina.core.ApplicationContext log
信息: ContextListener: contextDestroyed()
2016-4-12 23:07:05 org.apache.catalina.core.ApplicationContext log
信息: No Spring WebApplicationInitializer types detected on classpath
2016-4-12 23:07:05 org.apache.catalina.core.ApplicationContext log
信息: Set web app root system property: 'springmvc.root' = [/Users/xiaoqian/Documents/Tomcat/webapps/hello/]
2016-4-12 23:07:05 org.apache.catalina.core.ApplicationContext log
信息: Initializing log4j from [classpath:conf/log4j.properties]
2016-4-12 23:07:05 org.apache.catalina.core.ApplicationContext log
信息: Initializing Spring root WebApplicationContext
2016-4-12 23:07:06 org.apache.catalina.core.ApplicationContext log
信息: Initializing Spring FrameworkServlet 'spring'
2016-4-12 23:07:07 org.apache.catalina.core.ApplicationContext log
信息: ContextListener: contextInitialized()
2016-4-12 23:07:07 org.apache.catalina.core.ApplicationContext log
信息: SessionListener: contextInitialized()
2016-4-12 23:07:07 org.apache.catalina.core.ApplicationContext log
信息: ContextListener: attributeAdded('org.apache.jasper.compiler.TldLocationsCache', 'org.apache.jasper.compiler.TldLocationsCache@270ad7c0')
2016-4-12 23:10:08 org.apache.catalina.core.ApplicationContext log
信息: Destroying Spring FrameworkServlet 'spring'
2016-4-12 23:10:08 org.apache.catalina.core.ApplicationContext log
信息: Closing Spring root WebApplicationContext
2016-4-12 23:10:08 org.apache.catalina.core.StandardContext listenerStop
严重: Exception sending context destroyed event to listener instance of class org.springframework.web.context.ContextLoaderListener
java.lang.NoClassDefFoundError: org/apache/log4j/spi/ThrowableInformation
	at org.apache.log4j.spi.LoggingEvent.<init>(LoggingEvent.java:145)
	at org.apache.log4j.Category.forcedLog(Category.java:379)
	at org.apache.log4j.Category.log(Category.java:844)
	at org.apache.commons.logging.impl.Log4JLogger.error(Log4JLogger.java:229)
	at org.springframework.beans.factory.support.DefaultSingletonBeanRegistry.destroyBean(DefaultSingletonBeanRegistry.java:581)
	at org.springframework.beans.factory.support.DefaultSingletonBeanRegistry.destroySingleton(DefaultSingletonBeanRegistry.java:554)
	at org.springframework.beans.factory.support.DefaultListableBeanFactory.destroySingleton(DefaultListableBeanFactory.java:900)
	at org.springframework.beans.factory.support.DefaultSingletonBeanRegistry.destroySingletons(DefaultSingletonBeanRegistry.java:523)
	at org.springframework.beans.factory.support.DefaultListableBeanFactory.destroySingletons(DefaultListableBeanFactory.java:907)
	at org.springframework.context.support.AbstractApplicationContext.destroyBeans(AbstractApplicationContext.java:908)
	at org.springframework.context.support.AbstractApplicationContext.doClose(AbstractApplicationContext.java:884)
	at org.springframework.context.support.AbstractApplicationContext.close(AbstractApplicationContext.java:836)
	at org.springframework.web.context.ContextLoader.closeWebApplicationContext(ContextLoader.java:579)
	at org.springframework.web.context.ContextLoaderListener.contextDestroyed(ContextLoaderListener.java:115)
	at org.apache.catalina.core.StandardContext.listenerStop(StandardContext.java:5063)
	at org.apache.catalina.core.StandardContext.stopInternal(StandardContext.java:5723)
	at org.apache.catalina.util.LifecycleBase.stop(LifecycleBase.java:232)
	at org.apache.catalina.core.ContainerBase.removeChild(ContainerBase.java:1028)
	at org.apache.catalina.startup.HostConfig.undeploy(HostConfig.java:1547)
	at org.apache.catalina.startup.HostConfig.checkResources(HostConfig.java:1474)
	at org.apache.catalina.startup.HostConfig.check(HostConfig.java:1695)
	at org.apache.catalina.startup.HostConfig.lifecycleEvent(HostConfig.java:333)
	at org.apache.catalina.util.LifecycleSupport.fireLifecycleEvent(LifecycleSupport.java:117)
	at org.apache.catalina.util.LifecycleBase.fireLifecycleEvent(LifecycleBase.java:90)
	at org.apache.catalina.core.ContainerBase.backgroundProcess(ContainerBase.java:1374)
	at org.apache.catalina.core.ContainerBase$ContainerBackgroundProcessor.processChildren(ContainerBase.java:1546)
	at org.apache.catalina.core.ContainerBase$ContainerBackgroundProcessor.processChildren(ContainerBase.java:1556)
	at org.apache.catalina.core.ContainerBase$ContainerBackgroundProcessor.run(ContainerBase.java:1524)
	at java.lang.Thread.run(Thread.java:695)
2016-4-12 23:10:08 org.apache.catalina.core.ApplicationContext log
信息: Shutting down log4j
2016-4-12 23:10:08 org.apache.catalina.core.StandardContext listenerStop
严重: Exception sending context destroyed event to listener instance of class org.springframework.web.util.Log4jConfigListener
java.lang.NoClassDefFoundError: org/apache/log4j/helpers/NullEnumeration
	at org.apache.log4j.Category.getAllAppenders(Category.java:401)
	at org.apache.log4j.Category.closeNestedAppenders(Category.java:214)
	at org.apache.log4j.Hierarchy.shutdown(Hierarchy.java:438)
	at org.apache.log4j.LogManager.shutdown(LogManager.java:218)
	at org.springframework.util.Log4jConfigurer.shutdownLogging(Log4jConfigurer.java:120)
	at org.springframework.web.util.Log4jWebConfigurer.shutdownLogging(Log4jWebConfigurer.java:170)
	at org.springframework.web.util.Log4jConfigListener.contextDestroyed(Log4jConfigListener.java:51)
	at org.apache.catalina.core.StandardContext.listenerStop(StandardContext.java:5063)
	at org.apache.catalina.core.StandardContext.stopInternal(StandardContext.java:5723)
	at org.apache.catalina.util.LifecycleBase.stop(LifecycleBase.java:232)
	at org.apache.catalina.core.ContainerBase.removeChild(ContainerBase.java:1028)
	at org.apache.catalina.startup.HostConfig.undeploy(HostConfig.java:1547)
	at org.apache.catalina.startup.HostConfig.checkResources(HostConfig.java:1474)
	at org.apache.catalina.startup.HostConfig.check(HostConfig.java:1695)
	at org.apache.catalina.startup.HostConfig.lifecycleEvent(HostConfig.java:333)
	at org.apache.catalina.util.LifecycleSupport.fireLifecycleEvent(LifecycleSupport.java:117)
	at org.apache.catalina.util.LifecycleBase.fireLifecycleEvent(LifecycleBase.java:90)
	at org.apache.catalina.core.ContainerBase.backgroundProcess(ContainerBase.java:1374)
	at org.apache.catalina.core.ContainerBase$ContainerBackgroundProcessor.processChildren(ContainerBase.java:1546)
	at org.apache.catalina.core.ContainerBase$ContainerBackgroundProcessor.processChildren(ContainerBase.java:1556)
	at org.apache.catalina.core.ContainerBase$ContainerBackgroundProcessor.run(ContainerBase.java:1524)
	at java.lang.Thread.run(Thread.java:695)
Caused by: java.lang.ClassNotFoundException: org.apache.log4j.helpers.NullEnumeration
	at org.apache.catalina.loader.WebappClassLoader.loadClass(WebappClassLoader.java:1720)
	at org.apache.catalina.loader.WebappClassLoader.loadClass(WebappClassLoader.java:1571)
	... 22 more
2016-4-12 23:10:09 org.apache.catalina.core.ApplicationContext log
信息: No Spring WebApplicationInitializer types detected on classpath
2016-4-12 23:10:09 org.apache.catalina.core.ApplicationContext log
信息: Set web app root system property: 'springmvc.root' = [/Users/xiaoqian/Documents/Tomcat/webapps/hello/]
2016-4-12 23:10:09 org.apache.catalina.core.ApplicationContext log
信息: Initializing log4j from [classpath:conf/log4j.properties]
2016-4-12 23:10:09 org.apache.catalina.core.ApplicationContext log
信息: Initializing Spring root WebApplicationContext
2016-4-12 23:10:10 org.apache.catalina.core.ApplicationContext log
信息: Initializing Spring FrameworkServlet 'spring'
2016-4-12 23:10:21 org.apache.catalina.core.ApplicationContext log
信息: Destroying Spring FrameworkServlet 'spring'
2016-4-12 23:10:21 org.apache.catalina.core.ApplicationContext log
信息: Closing Spring root WebApplicationContext
2016-4-12 23:10:21 org.apache.catalina.core.ApplicationContext log
信息: Shutting down log4j
2016-4-12 23:12:12 org.apache.catalina.core.ApplicationContext log
信息: No Spring WebApplicationInitializer types detected on classpath
2016-4-12 23:12:12 org.apache.catalina.core.ApplicationContext log
信息: Set web app root system property: 'springmvc.root' = [/Users/xiaoqian/Documents/Tomcat/webapps/hello/]
2016-4-12 23:12:12 org.apache.catalina.core.ApplicationContext log
信息: Initializing log4j from [classpath:conf/log4j.properties]
2016-4-12 23:12:12 org.apache.catalina.core.ApplicationContext log
信息: Initializing Spring root WebApplicationContext
2016-4-12 23:12:13 org.apache.catalina.core.ApplicationContext log
信息: Initializing Spring FrameworkServlet 'spring'
2016-4-12 23:12:29 org.apache.catalina.core.ApplicationContext log
信息: Destroying Spring FrameworkServlet 'spring'
2016-4-12 23:12:29 org.apache.catalina.core.ApplicationContext log
信息: Closing Spring root WebApplicationContext
2016-4-12 23:12:29 org.apache.catalina.core.ApplicationContext log
信息: Shutting down log4j
2016-4-12 23:12:29 org.apache.catalina.core.ApplicationContext log
信息: SessionListener: contextDestroyed()
2016-4-12 23:12:29 org.apache.catalina.core.ApplicationContext log
信息: ContextListener: contextDestroyed()
2016-4-12 23:12:56 org.apache.catalina.core.ApplicationContext log
信息: No Spring WebApplicationInitializer types detected on classpath
2016-4-12 23:12:56 org.apache.catalina.core.ApplicationContext log
信息: Set web app root system property: 'springmvc.root' = [/Users/xiaoqian/Documents/Tomcat/webapps/hello/]
2016-4-12 23:12:56 org.apache.catalina.core.ApplicationContext log
信息: Initializing log4j from [classpath:conf/log4j.properties]
2016-4-12 23:12:56 org.apache.catalina.core.ApplicationContext log
信息: Initializing Spring root WebApplicationContext
2016-4-12 23:12:57 org.apache.catalina.core.ApplicationContext log
信息: Initializing Spring FrameworkServlet 'spring'
2016-4-12 23:12:58 org.apache.catalina.core.ApplicationContext log
信息: ContextListener: contextInitialized()
2016-4-12 23:12:58 org.apache.catalina.core.ApplicationContext log
信息: SessionListener: contextInitialized()
2016-4-12 23:12:58 org.apache.catalina.core.ApplicationContext log
信息: ContextListener: attributeAdded('org.apache.jasper.compiler.TldLocationsCache', 'org.apache.jasper.compiler.TldLocationsCache@53e20a9a')
2016-4-12 23:15:55 org.apache.catalina.core.ApplicationContext log
信息: Destroying Spring FrameworkServlet 'spring'
2016-4-12 23:15:55 org.apache.catalina.core.ApplicationContext log
信息: Closing Spring root WebApplicationContext
2016-4-12 23:15:55 org.apache.catalina.core.ApplicationContext log
信息: Shutting down log4j
2016-4-12 23:15:55 org.apache.catalina.core.ApplicationContext log
信息: SessionListener: contextDestroyed()
2016-4-12 23:15:55 org.apache.catalina.core.ApplicationContext log
信息: ContextListener: contextDestroyed()
2016-4-12 23:16:51 org.apache.catalina.core.ApplicationContext log
信息: No Spring WebApplicationInitializer types detected on classpath
2016-4-12 23:16:51 org.apache.catalina.core.ApplicationContext log
信息: Set web app root system property: 'springmvc.root' = [/Users/xiaoqian/Documents/Tomcat/webapps/hello/]
2016-4-12 23:16:51 org.apache.catalina.core.ApplicationContext log
信息: Initializing log4j from [classpath:conf/log4j.properties]
2016-4-12 23:16:51 org.apache.catalina.core.ApplicationContext log
信息: Initializing Spring root WebApplicationContext
2016-4-12 23:16:52 org.apache.catalina.core.ApplicationContext log
信息: Initializing Spring FrameworkServlet 'spring'
2016-4-12 23:16:54 org.apache.catalina.core.ApplicationContext log
信息: ContextListener: contextInitialized()
2016-4-12 23:16:54 org.apache.catalina.core.ApplicationContext log
信息: SessionListener: contextInitialized()
2016-4-12 23:16:54 org.apache.catalina.core.ApplicationContext log
信息: ContextListener: attributeAdded('org.apache.jasper.compiler.TldLocationsCache', 'org.apache.jasper.compiler.TldLocationsCache@53e20a9a')
2016-4-12 23:21:03 org.apache.catalina.core.ApplicationContext log
信息: Destroying Spring FrameworkServlet 'spring'
2016-4-12 23:21:03 org.apache.catalina.core.ApplicationContext log
信息: Closing Spring root WebApplicationContext
2016-4-12 23:21:03 org.apache.catalina.core.ApplicationContext log
信息: Shutting down log4j
2016-4-12 23:21:03 org.apache.catalina.core.ApplicationContext log
信息: SessionListener: contextDestroyed()
2016-4-12 23:21:03 org.apache.catalina.core.ApplicationContext log
信息: ContextListener: contextDestroyed()
2016-4-12 23:22:03 org.apache.catalina.core.ApplicationContext log
信息: No Spring WebApplicationInitializer types detected on classpath
2016-4-12 23:22:03 org.apache.catalina.core.ApplicationContext log
信息: Set web app root system property: 'springmvc.root' = [/Users/xiaoqian/Documents/Tomcat/webapps/hello/]
2016-4-12 23:22:03 org.apache.catalina.core.ApplicationContext log
信息: Initializing log4j from [classpath:conf/log4j.properties]
2016-4-12 23:22:03 org.apache.catalina.core.ApplicationContext log
信息: Initializing Spring root WebApplicationContext
2016-4-12 23:22:04 org.apache.catalina.core.ApplicationContext log
信息: Initializing Spring FrameworkServlet 'spring'
2016-4-12 23:22:06 org.apache.catalina.core.ApplicationContext log
信息: ContextListener: contextInitialized()
2016-4-12 23:22:06 org.apache.catalina.core.ApplicationContext log
信息: SessionListener: contextInitialized()
2016-4-12 23:22:06 org.apache.catalina.core.ApplicationContext log
信息: ContextListener: attributeAdded('org.apache.jasper.compiler.TldLocationsCache', 'org.apache.jasper.compiler.TldLocationsCache@428c6e04')
